<?xml version="1.0" encoding="UTF-8" ?>
<testsuite errors="0" failures="0" hostname="jbrbc-xps" name="dominio.IngestaTest" skipped="0" tests="8" time="0.23" timestamp="2020-06-14T23:29:08">
  <properties>
    <property name="ant.file.type.AlimentacionSaludable" value="file" />
    <property name="libs.spring-framework300.classpath" value="/usr/lib/netbeans/platform/modules/org-apache-commons-logging.jar:/usr/lib/netbeans/java/modules/ext/cglib-2.2.jar:/usr/lib/netbeans/java/modules/ext/spring-3.0/spring-aop-3.2.7.RELEASE.jar:/usr/lib/netbeans/java/modules/ext/spring-3.0/spring-aspects-3.2.7.RELEASE.jar:/usr/lib/netbeans/java/modules/ext/spring-3.0/spring-beans-3.2.7.RELEASE.jar:/usr/lib/netbeans/java/modules/ext/spring-3.0/spring-build-src-3.2.7.RELEASE.jar:/usr/lib/netbeans/java/modules/ext/spring-3.0/spring-context-3.2.7.RELEASE.jar:/usr/lib/netbeans/java/modules/ext/spring-3.0/spring-context-support-3.2.7.RELEASE.jar:/usr/lib/netbeans/java/modules/ext/spring-3.0/spring-core-3.2.7.RELEASE.jar:/usr/lib/netbeans/java/modules/ext/spring-3.0/spring-expression-3.2.7.RELEASE.jar:/usr/lib/netbeans/java/modules/ext/spring-3.0/spring-framework-bom-3.2.7.RELEASE.jar:/usr/lib/netbeans/java/modules/ext/spring-3.0/spring-instrument-3.2.7.RELEASE.jar:/usr/lib/netbeans/java/modules/ext/spring-3.0/spring-instrument-tomcat-3.2.7.RELEASE.jar:/usr/lib/netbeans/java/modules/ext/spring-3.0/spring-jdbc-3.2.7.RELEASE.jar:/usr/lib/netbeans/java/modules/ext/spring-3.0/spring-jms-3.2.7.RELEASE.jar:/usr/lib/netbeans/java/modules/ext/spring-3.0/spring-orm-3.2.7.RELEASE.jar:/usr/lib/netbeans/java/modules/ext/spring-3.0/spring-oxm-3.2.7.RELEASE.jar:/usr/lib/netbeans/java/modules/ext/spring-3.0/spring-struts-3.2.7.RELEASE.jar:/usr/lib/netbeans/java/modules/ext/spring-3.0/spring-test-3.2.7.RELEASE.jar:/usr/lib/netbeans/java/modules/ext/spring-3.0/spring-tx-3.2.7.RELEASE.jar:/usr/lib/netbeans/java/modules/ext/spring-3.0/spring-web-3.2.7.RELEASE.jar:/usr/lib/netbeans/java/modules/ext/spring-3.0/spring-webmvc-3.2.7.RELEASE.jar:/usr/lib/netbeans/java/modules/ext/spring-3.0/spring-webmvc-portlet-3.2.7.RELEASE.jar" />
    <property name="javac.test.classpath" value="${libs.beans-binding.classpath}:lib/DateChooser.jar:/usr/lib/netbeans/java/modules/ext/AbsoluteLayout.jar:build/classes:/usr/lib/netbeans/platform/modules/ext/junit-4.12.jar:/usr/lib/netbeans/platform/modules/ext/hamcrest-core-1.3.jar" />
    <property name="java.specification.version" value="11" />
    <property name="jar.index.metainf" value="false" />
    <property name="libs.spring-framework500.classpath" value="/usr/lib/netbeans/platform/modules/org-apache-commons-logging.jar:/usr/lib/netbeans/java/modules/ext/cglib-2.2.jar:/usr/lib/netbeans/java/modules/ext/spring-5/spring-aop-5.2.2.RELEASE.jar:/usr/lib/netbeans/java/modules/ext/spring-5/spring-aspects-5.2.2.RELEASE.jar:/usr/lib/netbeans/java/modules/ext/spring-5/spring-beans-5.2.2.RELEASE.jar:/usr/lib/netbeans/java/modules/ext/spring-5/spring-context-5.2.2.RELEASE.jar:/usr/lib/netbeans/java/modules/ext/spring-5/spring-context-indexer-5.2.2.RELEASE.jar:/usr/lib/netbeans/java/modules/ext/spring-5/spring-context-support-5.2.2.RELEASE.jar:/usr/lib/netbeans/java/modules/ext/spring-5/spring-core-5.2.2.RELEASE.jar:/usr/lib/netbeans/java/modules/ext/spring-5/spring-expression-5.2.2.RELEASE.jar:/usr/lib/netbeans/java/modules/ext/spring-5/spring-instrument-5.2.2.RELEASE.jar:/usr/lib/netbeans/java/modules/ext/spring-5/spring-jcl-5.2.2.RELEASE.jar:/usr/lib/netbeans/java/modules/ext/spring-5/spring-jdbc-5.2.2.RELEASE.jar:/usr/lib/netbeans/java/modules/ext/spring-5/spring-jms-5.2.2.RELEASE.jar:/usr/lib/netbeans/java/modules/ext/spring-5/spring-messaging-5.2.2.RELEASE.jar:/usr/lib/netbeans/java/modules/ext/spring-5/spring-orm-5.2.2.RELEASE.jar:/usr/lib/netbeans/java/modules/ext/spring-5/spring-oxm-5.2.2.RELEASE.jar:/usr/lib/netbeans/java/modules/ext/spring-5/spring-test-5.2.2.RELEASE.jar:/usr/lib/netbeans/java/modules/ext/spring-5/spring-tx-5.2.2.RELEASE.jar:/usr/lib/netbeans/java/modules/ext/spring-5/spring-web-5.2.2.RELEASE.jar:/usr/lib/netbeans/java/modules/ext/spring-5/spring-webflux-5.2.2.RELEASE.jar:/usr/lib/netbeans/java/modules/ext/spring-5/spring-webmvc-5.2.2.RELEASE.jar:/usr/lib/netbeans/java/modules/ext/spring-5/spring-websocket-5.2.2.RELEASE.jar" />
    <property name="libs.spring-framework400.classpath" value="/usr/lib/netbeans/platform/modules/org-apache-commons-logging.jar:/usr/lib/netbeans/java/modules/ext/cglib-2.2.jar:/usr/lib/netbeans/java/modules/ext/spring-4/spring-aop-4.3.25.RELEASE.jar:/usr/lib/netbeans/java/modules/ext/spring-4/spring-aspects-4.3.25.RELEASE.jar:/usr/lib/netbeans/java/modules/ext/spring-4/spring-beans-4.3.25.RELEASE.jar:/usr/lib/netbeans/java/modules/ext/spring-4/spring-context-4.3.25.RELEASE.jar:/usr/lib/netbeans/java/modules/ext/spring-4/spring-context-support-4.3.25.RELEASE.jar:/usr/lib/netbeans/java/modules/ext/spring-4/spring-core-4.3.25.RELEASE.jar:/usr/lib/netbeans/java/modules/ext/spring-4/spring-expression-4.3.25.RELEASE.jar:/usr/lib/netbeans/java/modules/ext/spring-4/spring-instrument-4.3.25.RELEASE.jar:/usr/lib/netbeans/java/modules/ext/spring-4/spring-instrument-tomcat-4.3.25.RELEASE.jar:/usr/lib/netbeans/java/modules/ext/spring-4/spring-jdbc-4.3.25.RELEASE.jar:/usr/lib/netbeans/java/modules/ext/spring-4/spring-jms-4.3.25.RELEASE.jar:/usr/lib/netbeans/java/modules/ext/spring-4/spring-messaging-4.3.25.RELEASE.jar:/usr/lib/netbeans/java/modules/ext/spring-4/spring-orm-4.3.25.RELEASE.jar:/usr/lib/netbeans/java/modules/ext/spring-4/spring-oxm-4.3.25.RELEASE.jar:/usr/lib/netbeans/java/modules/ext/spring-4/spring-test-4.3.25.RELEASE.jar:/usr/lib/netbeans/java/modules/ext/spring-4/spring-tx-4.3.25.RELEASE.jar:/usr/lib/netbeans/java/modules/ext/spring-4/spring-web-4.3.25.RELEASE.jar:/usr/lib/netbeans/java/modules/ext/spring-4/spring-webmvc-4.3.25.RELEASE.jar:/usr/lib/netbeans/java/modules/ext/spring-4/spring-webmvc-portlet-4.3.25.RELEASE.jar:/usr/lib/netbeans/java/modules/ext/spring-4/spring-websocket-4.3.25.RELEASE.jar" />
    <property name="libs.spring-webmvc4.0.javadoc" value="" />
    <property name="test.binaryincludes" value="&lt;nothing&gt;" />
    <property name="debug-transport" value="dt_socket" />
    <property name="do.jlink" value="false" />
    <property name="libs.javaee-web-api-8.0.src" value="" />
    <property name="java.vendor.url" value="http://java.oracle.com/" />
    <property name="debug.modulepath" value="" />
    <property name="libs.eclipselink.javadoc" value="/usr/lib/netbeans/java/modules/ext/docs/javax.persistence-2.1.0-doc.zip" />
    <property name="libs.jsp-compilation.src" value="" />
    <property name="libs.JWSAntTasks.javadoc" value="" />
    <property name="sun.boot.library.path" value="/usr/lib/jvm/java-11-openjdk/lib" />
    <property name="sun.java.command" value="org.apache.tools.ant.taskdefs.optional.junit.JUnitTestRunner dominio.IngestaTest skipNonTests=false filtertrace=true haltOnError=false haltOnFailure=false showoutput=true outputtoformatters=true logfailedtests=true threadid=0 logtestlistenerevents=true formatter=org.apache.tools.ant.taskdefs.optional.junit.BriefJUnitResultFormatter formatter=org.apache.tools.ant.taskdefs.optional.junit.XMLJUnitResultFormatter,/home/juanb/Faculta/ingenieria/ing-sof-2/build/test/results/TEST-dominio.IngestaTest.xml crashfile=/home/juanb/Faculta/ingenieria/ing-sof-2/build/junitvmwatcher9281025202071732758.properties propsfile=/home/juanb/Faculta/ingenieria/ing-sof-2/build/junit13521578523861151807.properties" />
    <property name="jdk.debug" value="release" />
    <property name="libs.spring-framework300.src" value="" />
    <property name="javadoc.use" value="true" />
    <property name="libs.javac-api.maven-pom" value="" />
    <property name="javadoc.notree" value="false" />
    <property name="basedir" value="/home/juanb/Faculta/ingenieria/ing-sof-2" />
    <property name="application.vendor" value="MartÃ­n" />
    <property name="java.vm.specification.vendor" value="Oracle Corporation" />
    <property name="java.specification.name" value="Java Platform API Specification" />
    <property name="libs.javac-api.javadoc" value="" />
    <property name="ant.file.AlimentacionSaludable" value="/home/juanb/Faculta/ingenieria/ing-sof-2/build.xml" />
    <property name="libs.jsf20.classpath" value="/usr/lib/netbeans/enterprise/modules/ext/jsf-2_2/javax.faces.jar" />
    <property name="netbeans.extbrowser.manual_chrome_plugin_install" value="yes" />
    <property name="netbeans.default_userdir_root" value="/home/juanb/.netbeans" />
    <property name="libs.spring-framework500.javadoc" value="" />
    <property name="libs.jsp-compilation-syscp.src" value="" />
    <property name="jdk.home" value="/usr/lib/jvm/default" />
    <property name="java.runtime.version" value="11.0.7+10" />
    <property name="libs.eclipselink.maven-pom" value="" />
    <property name="libs.metro.maven-pom" value="" />
    <property name="libs.JAXB-ENDORSED.javadoc" value="" />
    <property name="sun.java2d.noddraw" value="true" />
    <property name="sun.zip.disableMemoryMapping" value="true" />
    <property name="libs.maven-dependencies.maven-pom" value="" />
    <property name="jnidispatch.path" value="/home/juanb/.cache/JNA/temp/jna12266350565187293335.tmp" />
    <property name="libs.primefaces.javadoc" value="" />
    <property name="libs.jsf12.src" value="" />
    <property name="libs.jsp-compilation.javadoc" value="" />
    <property name="libs.groovy-all.maven-pom" value="" />
    <property name="libs.restapi.src" value="" />
    <property name="libs.junit_5.javadoc" value="/usr/lib/netbeans/platform/docs/junit-jupiter-api-5.5.2-javadoc.jar:/usr/lib/netbeans/platform/docs/junit-jupiter-params-5.5.2-javadoc.jar:/usr/lib/netbeans/platform/docs/junit-jupiter-engine-5.5.2-javadoc.jar" />
    <property name="dist.archive.excludes" value="" />
    <property name="java.io.tmpdir" value="/tmp" />
    <property name="java.version" value="11.0.7" />
    <property name="java.vm.specification.name" value="Java Virtual Machine Specification" />
    <property name="libs.hamcrest.src" value="" />
    <property name="java.library.path" value="/usr/java/packages/lib:/usr/lib64:/lib64:/lib:/usr/lib" />
    <property name="java.vendor" value="Oracle Corporation" />
    <property name="libs.testng.javadoc" value="/usr/lib/netbeans/platform/docs/testng-6.8.1-javadoc.zip" />
    <property name="libs.groovy-all.src" value="" />
    <property name="meta.inf.dir" value="src/META-INF" />
    <property name="compile.on.save" value="true" />
    <property name="libs.testng.maven-pom" value="" />
    <property name="org.openide.version" value="deprecated" />
    <property name="run.classpath" value="${libs.beans-binding.classpath}:lib/DateChooser.jar:/usr/lib/netbeans/java/modules/ext/AbsoluteLayout.jar:build/classes" />
    <property name="libs.jaxb.src" value="" />
    <property name="sun.awt.enableExtraMouseButtons" value="true" />
    <property name="test.src.dir" value="test" />
    <property name="org.openide.major.version" value="IDE/1" />
    <property name="file.reference.DateChooser.jar" value="lib/DateChooser.jar" />
    <property name="libs.spring-framework300.javadoc" value="" />
    <property name="ap.proc.none.internal" value="" />
    <property name="org.openide.specification.version" value="6.2" />
    <property name="user.timezone" value="" />
    <property name="jar.index" value="false" />
    <property name="libs.jpa20-persistence.classpath" value="/usr/lib/netbeans/java/modules/ext/eclipselink/javax.persistence-2.1.0.jar" />
    <property name="libs.junit_5.classpath" value="/usr/lib/netbeans/platform/modules/ext/junit-jupiter-api-5.5.2.jar:/usr/lib/netbeans/platform/modules/ext/junit-jupiter-params-5.5.2.jar:/usr/lib/netbeans/platform/modules/ext/junit-jupiter-engine-5.5.2.jar" />
    <property name="libs.eclipselinkmodelgen.javadoc" value="" />
    <property name="java.vm.specification.version" value="11" />
    <property name="javadoc.noindex" value="false" />
    <property name="javadoc.private" value="false" />
    <property name="libs.spring-webmvc4.0.maven-pom" value="" />
    <property name="libs.JAXB-ENDORSED.maven-pom" value="" />
    <property name="user.home" value="/home/juanb" />
    <property name="libs.eclipselinkmodelgen.maven-pom" value="" />
    <property name="have.sources" value="true" />
    <property name="annotation.processing.processors.list" value="" />
    <property name="jlink.launcher" value="false" />
    <property name="javac.deprecation" value="false" />
    <property name="build.generated.sources.dir" value="build/generated-sources" />
    <property name="plugin.manager.check.updates" value="false" />
    <property name="netbeans.autoupdate.language" value="en" />
    <property name="build.compiler.emacs" value="true" />
    <property name="libs.eclipselinkmodelgen.src" value="" />
    <property name="build.classes.excludes" value="**/*.java,**/*.form" />
    <property name="dist.jar" value="dist/AlimentacionSaludable.jar" />
    <property name="libs.spring-webmvc4.0.classpath" value="/usr/lib/netbeans/java/modules/ext/spring-4/spring-webmvc-4.3.25.RELEASE.jar" />
    <property name="libs.javaee-endorsed-api-7.0.javadoc" value="/usr/lib/netbeans/enterprise/docs/javaee-doc-api.jar" />
    <property name="os.version" value="5.4.43-1-MANJARO" />
    <property name="netbeans.home" value="/usr/lib/netbeans/platform" />
    <property name="libs.CopyLibs.javadoc" value="" />
    <property name="debug-transport-by-os" value="dt_socket" />
    <property name="libs.jsf20.src" value="" />
    <property name="libs.javaee-api-8.0.javadoc" value="/usr/lib/netbeans/enterprise/docs/javaee-doc-api.jar" />
    <property name="java.vm.name" value="OpenJDK 64-Bit Server VM" />
    <property name="libs.jstl.javadoc" value="/usr/lib/netbeans/enterprise/docs/javaee-doc-api.jar" />
    <property name="libs.javaee-endorsed-api-7.0.maven-pom" value="" />
    <property name="libs.jaxws21.classpath" value="/usr/lib/netbeans/ide/modules/ext/jaxb/jaxb-impl.jar:/usr/lib/netbeans/ide/modules/ext/jaxb/jaxb-xjc.jar:/usr/lib/netbeans/java/modules/ext/jaxws22/FastInfoset.jar:/usr/lib/netbeans/java/modules/ext/jaxws22/gmbal-api-only.jar:/usr/lib/netbeans/java/modules/ext/jaxws22/ha-api.jar:/usr/lib/netbeans/java/modules/ext/jaxws22/javax.mail_1.4.jar:/usr/lib/netbeans/java/modules/ext/jaxws22/jaxws-rt.jar:/usr/lib/netbeans/java/modules/ext/jaxws22/jaxws-tools.jar:/usr/lib/netbeans/java/modules/ext/jaxws22/management-api.jar:/usr/lib/netbeans/java/modules/ext/jaxws22/mimepull.jar:/usr/lib/netbeans/java/modules/ext/jaxws22/policy.jar:/usr/lib/netbeans/java/modules/ext/jaxws22/saaj-impl.jar:/usr/lib/netbeans/java/modules/ext/jaxws22/stax-ex.jar:/usr/lib/netbeans/java/modules/ext/jaxws22/stax2-api.jar:/usr/lib/netbeans/java/modules/ext/jaxws22/streambuffer.jar:/usr/lib/netbeans/java/modules/ext/jaxws22/woodstox-core-asl.jar:/usr/lib/netbeans/java/modules/ext/jaxws22/api/jaxws-api.jar:/usr/lib/netbeans/java/modules/ext/jaxws22/api/jsr181-api.jar:/usr/lib/netbeans/java/modules/ext/jaxws22/api/javax.annotation.jar:/usr/lib/netbeans/java/modules/ext/jaxws22/api/saaj-api.jar:/usr/lib/netbeans/ide/modules/ext/jaxb/activation.jar:/usr/lib/netbeans/ide/modules/ext/jaxb/api/jaxb-api.jar" />
    <property name="libs.restapi.classpath" value="/usr/lib/netbeans/enterprise/modules/ext/jaxrs-2.0/javax.ws.rs-api-2.0.jar" />
    <property name="os.arch" value="amd64" />
    <property name="build.generated.dir" value="build/generated" />
    <property name="libs.groovy-all.javadoc" value="" />
    <property name="libs.javaee-web-api-7.0.javadoc" value="/usr/lib/netbeans/enterprise/docs/javaee-doc-api.jar" />
    <property name="libs.jsf12.maven-pom" value="" />
    <property name="libs.javaee-endorsed-api-7.0.classpath" value="/usr/lib/netbeans/enterprise/modules/ext/javaee7-endorsed/javax.annotation-api.jar:/usr/lib/netbeans/enterprise/modules/ext/javaee7-endorsed/javax.xml.soap-api.jar:/usr/lib/netbeans/enterprise/modules/ext/javaee7-endorsed/jaxb-api-osgi.jar:/usr/lib/netbeans/enterprise/modules/ext/javaee7-endorsed/jaxws-api.jar:/usr/lib/netbeans/enterprise/modules/ext/javaee7-endorsed/jsr181-api.jar" />
    <property name="libs.primefaces.maven-pom" value="" />
    <property name="org.netbeans.io.suspend" value="0" />
    <property name="awt.toolkit" value="sun.awt.X11.XToolkit" />
    <property name="ant.project.name" value="AlimentacionSaludable" />
    <property name="dist.javadoc.dir" value="dist/javadoc" />
    <property name="default.javac.target" value="11" />
    <property name="javac.fork" value="true" />
    <property name="libs.eclipselink.classpath" value="/usr/lib/netbeans/java/modules/ext/eclipselink/org.eclipse.persistence.core-2.5.2.jar:/usr/lib/netbeans/java/modules/ext/eclipselink/org.eclipse.persistence.asm-2.5.2.jar:/usr/lib/netbeans/java/modules/ext/eclipselink/org.eclipse.persistence.antlr-2.5.2.jar:/usr/lib/netbeans/java/modules/ext/eclipselink/org.eclipse.persistence.jpa-2.5.2.jar:/usr/lib/netbeans/java/modules/ext/eclipselink/org.eclipse.persistence.jpa.jpql-2.5.2.jar:/usr/lib/netbeans/java/modules/ext/eclipselink/javax.persistence-2.1.0.jar" />
    <property name="libs.javac-api.classpath" value="" />
    <property name="libs.struts.classpath" value="/usr/lib/netbeans/enterprise/modules/ext/struts/antlr-2.7.2.jar:/usr/lib/netbeans/enterprise/modules/ext/struts/bsf-2.3.0.jar:/usr/lib/netbeans/enterprise/modules/ext/struts/commons-beanutils-1.8.0.jar:/usr/lib/netbeans/enterprise/modules/ext/struts/commons-chain-1.2.jar:/usr/lib/netbeans/enterprise/modules/ext/struts/commons-digester-1.8.jar:/usr/lib/netbeans/enterprise/modules/ext/struts/commons-fileupload-1.1.1.jar:/usr/lib/netbeans/enterprise/modules/ext/struts/commons-io-1.1.jar:/usr/lib/netbeans/enterprise/modules/ext/struts/commons-logging-1.0.4.jar:/usr/lib/netbeans/enterprise/modules/ext/struts/commons-validator-1.3.1.jar:/usr/lib/netbeans/enterprise/modules/ext/struts/jstl-1.0.2.jar:/usr/lib/netbeans/enterprise/modules/ext/struts/oro-2.0.8.jar:/usr/lib/netbeans/enterprise/modules/ext/struts/standard-1.0.6.jar:/usr/lib/netbeans/enterprise/modules/ext/struts/struts-core-1.3.10.jar:/usr/lib/netbeans/enterprise/modules/ext/struts/struts-el-1.3.10.jar:/usr/lib/netbeans/enterprise/modules/ext/struts/struts-extras-1.3.10.jar:/usr/lib/netbeans/enterprise/modules/ext/struts/struts-faces-1.3.10.jar:/usr/lib/netbeans/enterprise/modules/ext/struts/struts-mailreader-dao-1.3.10.jar:/usr/lib/netbeans/enterprise/modules/ext/struts/struts-scripting-1.3.10.jar:/usr/lib/netbeans/enterprise/modules/ext/struts/struts-taglib-1.3.10.jar:/usr/lib/netbeans/enterprise/modules/ext/struts/struts-tiles-1.3.10.jar" />
    <property name="libs.PostgreSQLDriver.maven-pom" value="" />
    <property name="libs.absolutelayout.src" value="" />
    <property name="testng.mode" value="testng" />
    <property name="annotation.processing.enabled.in.editor" value="false" />
    <property name="java.vm.compressedOopsMode" value="32-bit" />
    <property name="jdk.lang.Process.allowAmbiguousCommands" value="true" />
    <property name="ant.file.AlimentacionSaludable-impl" value="/home/juanb/Faculta/ingenieria/ing-sof-2/nbproject/build-impl.xml" />
    <property name="netbeans.productversion" value="Apache NetBeans IDE 11.3" />
    <property name="ant.file.type.AlimentacionSaludable-impl" value="file" />
    <property name="mkdist.disabled" value="false" />
    <property name="libs.javaee-web-api-6.0.javadoc" value="/usr/lib/netbeans/enterprise/docs/javaee-doc-api.jar" />
    <property name="libs.javaee-api-7.0.maven-pom" value="" />
    <property name="libs.groovy-all.classpath" value="/usr/lib/netbeans/groovy/modules/ext/groovy.jar:/usr/lib/netbeans/groovy/modules/ext/groovy-ant.jar" />
    <property name="libs.absolutelayout.javadoc" value="" />
    <property name="annotation.processing.processor.options" value="" />
    <property name="libs.jaxb.maven-pom" value="" />
    <property name="libs.javaee-api-6.0.maven-pom" value="" />
    <property name="dist.dir" value="dist" />
    <property name="build.dir" value="build" />
    <property name="netbeans.autoupdate.variant" value="" />
    <property name="javadoc.version" value="false" />
    <property name="libs.metro.src" value="" />
    <property name="libs.metro.classpath" value="/usr/lib/netbeans/ide/modules/ext/jaxb/activation.jar:/usr/lib/netbeans/enterprise/modules/ext/metro/webservices-api.jar:/usr/lib/netbeans/enterprise/modules/ext/metro/webservices-extra-api.jar:/usr/lib/netbeans/enterprise/modules/ext/metro/webservices-extra.jar:/usr/lib/netbeans/enterprise/modules/ext/metro/webservices-rt.jar:/usr/lib/netbeans/enterprise/modules/ext/metro/webservices-tools.jar" />
    <property name="libs.CopyLibs.classpath" value="/usr/lib/netbeans/java/ant/extra/org-netbeans-modules-java-j2seproject-copylibstask.jar" />
    <property name="sun.os.patch.level" value="unknown" />
    <property name="javadoc.html5" value="false" />
    <property name="javac.test.processorpath" value="${libs.beans-binding.classpath}:lib/DateChooser.jar:/usr/lib/netbeans/java/modules/ext/AbsoluteLayout.jar:build/classes:/usr/lib/netbeans/platform/modules/ext/junit-4.12.jar:/usr/lib/netbeans/platform/modules/ext/hamcrest-core-1.3.jar" />
    <property name="libs.javaee-web-api-7.0.maven-pom" value="" />
    <property name="libs.javaee-web-api-8.0.maven-pom" value="" />
    <property name="netbeans.dirs" value="/usr/lib/netbeans/nb:/usr/lib/netbeans/ergonomics:/usr/lib/netbeans/ide:/usr/lib/netbeans/extide:/usr/lib/netbeans/java:/usr/lib/netbeans/apisupport:/usr/lib/netbeans/webcommon:/usr/lib/netbeans/websvccommon:/usr/lib/netbeans/enterprise:/usr/lib/netbeans/mobility:/usr/lib/netbeans/profiler:/usr/lib/netbeans/python:/usr/lib/netbeans/php:/usr/lib/netbeans/identity:/usr/lib/netbeans/harness:/usr/lib/netbeans/cnd:/usr/lib/netbeans/cndext:/usr/lib/netbeans/dlight:/usr/lib/netbeans/groovy:/usr/lib/netbeans/extra:/usr/lib/netbeans/javacard:/usr/lib/netbeans/javafx:" />
    <property name="libs.hamcrest.maven-pom" value="" />
    <property name="javac.processorpath" value="${libs.beans-binding.classpath}:lib/DateChooser.jar:/usr/lib/netbeans/java/modules/ext/AbsoluteLayout.jar" />
    <property name="libs.javaee-api-6.0.javadoc" value="/usr/lib/netbeans/enterprise/docs/javaee-doc-api.jar" />
    <property name="libs.JWSAntTasks.maven-pom" value="" />
    <property name="run.modulepath" value="" />
    <property name="do.archive+manifest.available" value="true" />
    <property name="apple.laf.useScreenMenuBar" value="true" />
    <property name="sun.java.launcher" value="SUN_STANDARD" />
    <property name="user.country" value="US" />
    <property name="libs.jpa20-persistence.src" value="" />
    <property name="libs.restapi.javadoc" value="" />
    <property name="endorsed.classpath" value="" />
    <property name="javac.test.sourcepath" value="/home/juanb/Faculta/ingenieria/ing-sof-2/build/empty" />
    <property name="libs.spring-webmvc3.0.maven-pom" value="" />
    <property name="includes" value="**" />
    <property name="libs.jsf12.javadoc" value="/usr/lib/netbeans/enterprise/docs/javaee-doc-api.jar" />
    <property name="libs.hamcrest.classpath" value="/usr/lib/netbeans/platform/modules/ext/hamcrest-core-1.3.jar" />
    <property name="javadoc.splitindex" value="true" />
    <property name="libs.JWSAntTasks.classpath" value="/usr/lib/netbeans/java/ant/extra/org-netbeans-modules-javawebstart-anttasks.jar" />
    <property name="junit.available" value="true" />
    <property name="javac.processormodulepath" value="" />
    <property name="javadoc.encoding" value="UTF-8" />
    <property name="netbeans.hash.code" value="unique=09c3230c2-b756-42cd-882c-be586306842b_734c65ce-c0ea-48fd-91a8-b0912ffb20b0" />
    <property name="libs.jsp-compilation-syscp.maven-pom" value="" />
    <property name="libs.jstl.src" value="" />
    <property name="jlink.strip" value="false" />
    <property name="libs.spring-webmvc3.0.classpath" value="/usr/lib/netbeans/java/modules/ext/spring-3.0/spring-webmvc-3.2.7.RELEASE.jar" />
    <property name="netbeans.running.environment" value="kde" />
    <property name="java.runtime.name" value="OpenJDK Runtime Environment" />
    <property name="manifest.available" value="true" />
    <property name="libs.jaxb.javadoc" value="/usr/lib/netbeans/ide/docs/jaxb-api-doc.jar" />
    <property name="libs.spring-framework500.maven-pom" value="" />
    <property name="run.jvmargs.ide" value="" />
    <property name="ant.core.lib" value="/usr/lib/netbeans/extide/ant/lib/ant.jar" />
    <property name="libs.jsp-compilation.maven-pom" value="" />
    <property name="javac.profile.cmd.line.arg" value="" />
    <property name="application.title" value="AlimentacionSaludable" />
    <property name="do.archive+main.class.available" value="true" />
    <property name="javac.test.modulepath" value="" />
    <property name="ignore.failing.tests" value="true" />
    <property name="libs.PostgreSQLDriver.javadoc" value="" />
    <property name="libs.jsp-compilation-syscp.classpath" value="/usr/lib/netbeans/extide/ant/lib/ant.jar:/usr/lib/netbeans/enterprise/modules/ext/servlet3.1-jsp2.3-api.jar:/usr/lib/netbeans/enterprise/modules/ext/glassfish-jspparser-4.0.jar:/usr/lib/netbeans/enterprise/modules/ext/jstl-impl.jar:/usr/lib/netbeans/enterprise/modules/ext/jsf-2_2/javax.faces.jar" />
    <property name="libs.jsp-compilation.classpath" value="/usr/lib/netbeans/extide/ant/lib/ant.jar:/usr/lib/netbeans/enterprise/modules/ext/servlet3.1-jsp2.3-api.jar:/usr/lib/netbeans/enterprise/modules/ext/glassfish-jspparser-4.0.jar:/usr/lib/netbeans/enterprise/modules/ext/jsf-2_2/javax.faces.jar:/usr/lib/netbeans/enterprise/modules/ext/jstl-api.jar:/usr/lib/netbeans/extide/ant/lib/ant-launcher.jar" />
    <property name="libs.javaee-api-6.0.classpath" value="/usr/lib/netbeans/enterprise/modules/ext/javaee-api-6.0.jar" />
    <property name="libs.javaee-api-7.0.classpath" value="/usr/lib/netbeans/enterprise/modules/ext/javaee-api-7.0.jar" />
    <property name="sun.cpu.isalist" value="" />
    <property name="libs.restapi.maven-pom" value="" />
    <property name="do.depend" value="false" />
    <property name="javadoc.preview" value="true" />
    <property name="sun.arch.data.model" value="64" />
    <property name="nb.show.statistics.ui" value="usageStatisticsEnabled" />
    <property name="libs.javaee-endorsed-api-7.0.src" value="" />
    <property name="sun.font.fontmanager" value="sun.awt.X11FontManager" />
    <property name="annotation.processing.enabled" value="true" />
    <property name="libs.junit_5.src" value="/usr/lib/netbeans/platform/docs/junit-jupiter-api-5.5.2-sources.jar:/usr/lib/netbeans/platform/docs/junit-jupiter-params-5.5.2-sources.jar:/usr/lib/netbeans/platform/docs/junit-jupiter-engine-5.5.2-sources.jar" />
    <property name="libs.jaxb.classpath" value="/usr/lib/netbeans/ide/modules/ext/jaxb/jaxb-impl.jar:/usr/lib/netbeans/ide/modules/ext/jaxb/jaxb-xjc.jar:/usr/lib/netbeans/ide/modules/ext/jaxb/jaxb1-impl.jar:/usr/lib/netbeans/ide/modules/ext/jaxb/activation.jar:/usr/lib/netbeans/ide/modules/ext/jaxb/api/jaxb-api.jar" />
    <property name="libs.javaee-api-8.0.classpath" value="/usr/lib/netbeans/enterprise/modules/ext/javaee-api-8.0.jar" />
    <property name="libs.CopyLibs.src" value="" />
    <property name="javac.source" value="1.8" />
    <property name="java.specification.vendor" value="Oracle Corporation" />
    <property name="java.version.date" value="2020-04-14" />
    <property name="java.home" value="/usr/lib/jvm/java-11-openjdk" />
    <property name="work.dir" value="/home/juanb/Faculta/ingenieria/ing-sof-2" />
    <property name="javac.test.compilerargs" value="" />
    <property name="jna.boot.library.name" value="jnidispatch-nb" />
    <property name="libs.PostgreSQLDriver.classpath" value="/usr/lib/netbeans/ide/modules/ext/postgresql-42.2.8.jar" />
    <property name="libs.spring-webmvc3.0.javadoc" value="" />
    <property name="libs.JAXB-ENDORSED.src" value="" />
    <property name="manifest.encoding" value="UTF-8" />
    <property name="sun.management.compiler" value="HotSpot 64-Bit Tiered Compilers" />
    <property name="libs.spring-framework400.src" value="" />
    <property name="run.test.modulepath" value="" />
    <property name="libs.maven-dependencies.src" value="" />
    <property name="libs.javaee-web-api-6.0.classpath" value="/usr/lib/netbeans/enterprise/modules/ext/javaee-web-api-6.0.jar" />
    <property name="libs.jsp-compiler.javadoc" value="" />
    <property name="debug.test.modulepath" value="" />
    <property name="libs.javaee-web-api-7.0.classpath" value="/usr/lib/netbeans/enterprise/modules/ext/javaee-web-api-7.0.jar" />
    <property name="file.encoding" value="UTF-8" />
    <property name="java.util.logging.config.class" value="org.netbeans.core.startup.TopLogging" />
    <property name="https.nonProxyHosts" value="localhost|127.0.0.1|jbrbc-xps" />
    <property name="libs.restlib.javadoc" value="" />
    <property name="libs.absolutelayout.classpath" value="/usr/lib/netbeans/java/modules/ext/AbsoluteLayout.jar" />
    <property name="do.archive" value="true" />
    <property name="libs.struts.maven-pom" value="" />
    <property name="java.awt.printerjob" value="sun.print.PSPrinterJob" />
    <property name="built-jar.properties" value="/home/juanb/Faculta/ingenieria/ing-sof-2/build/built-jar.properties" />
    <property name="nb.native.filechooser" value="false" />
    <property name="libs.testng.src" value="" />
    <property name="platform.active" value="default_platform" />
    <property name="libs.javaee-web-api-8.0.classpath" value="/usr/lib/netbeans/enterprise/modules/ext/javaee-web-api-8.0.jar" />
    <property name="manifest.file" value="manifest.mf" />
    <property name="sun.io.unicode.encoding" value="UnicodeLittle" />
    <property name="libs.struts.javadoc" value="/usr/lib/netbeans/enterprise/docs/struts-1.3.10-javadoc.zip" />
    <property name="default.javac.source" value="11" />
    <property name="netbeans.dynamic.classpath" value="/usr/lib/netbeans/platform/core/core.jar:/usr/lib/netbeans/platform/core/org-netbeans-libs-asm.jar:/usr/lib/netbeans/platform/core/asm-commons-7.2.jar:/usr/lib/netbeans/platform/core/org-openide-filesystems-compat8.jar:/usr/lib/netbeans/platform/core/core-base.jar:/usr/lib/netbeans/platform/core/org-openide-filesystems.jar:/usr/lib/netbeans/platform/core/asm-7.2.jar:/usr/lib/netbeans/platform/core/asm-tree-7.2.jar:/usr/lib/netbeans/nb/core/org-netbeans-upgrader.jar:/usr/lib/netbeans/nb/core/locale/core_nb.jar" />
    <property name="libs.javaee-web-api-8.0.javadoc" value="/usr/lib/netbeans/enterprise/docs/javaee-doc-api.jar" />
    <property name="libs.eclipselinkmodelgen.classpath" value="/usr/lib/netbeans/java/modules/ext/eclipselink/org.eclipse.persistence.jpa.modelgen.processor-2.5.2.jar" />
    <property name="netbeans.buildnumber" value="11.3-6b879cb782eaa4f13a731aff82eada11289a66f7" />
    <property name="php.global.include.path" value="" />
    <property name="endorsed.classpath.cmd.line.arg" value="" />
    <property name="libs.jpa20-persistence.maven-pom" value="" />
    <property name="os.name" value="Linux" />
    <property name="libs.CopyLibs.maven-pom" value="" />
    <property name="build.sysclasspath" value="ignore" />
    <property name="jdkBug6558476" value="false" />
    <property name="javadoc.author" value="false" />
    <property name="http.nonProxyHosts" value="localhost|127.0.0.1|jbrbc-xps" />
    <property name="main.class" value="inicioSistema.Main" />
    <property name="libs.jsp-compilation-syscp.javadoc" value="" />
    <property name="source.encoding" value="UTF-8" />
    <property name="jar.compress" value="true" />
    <property name="libs.javaee-api-7.0.javadoc" value="/usr/lib/netbeans/enterprise/docs/javaee-doc-api.jar" />
    <property name="libs.spring-webmvc5.0.src" value="" />
    <property name="libs.jsf20.maven-pom" value="" />
    <property name="java.awt.graphicsenv" value="sun.awt.X11GraphicsEnvironment" />
    <property name="libs.restlib.classpath" value="/usr/lib/netbeans/enterprise/modules/ext/jersey2/ext/asm-all-repackaged-2.2.0-b21.jar:/usr/lib/netbeans/enterprise/modules/ext/jersey2/ext/cglib-2.2.0-b21.jar:/usr/lib/netbeans/enterprise/modules/ext/jersey2/ext/guava-14.0.1.jar:/usr/lib/netbeans/enterprise/modules/ext/jersey2/ext/hk2-api-2.2.0-b21.jar:/usr/lib/netbeans/enterprise/modules/ext/jersey2/ext/hk2-locator-2.2.0-b21.jar:/usr/lib/netbeans/enterprise/modules/ext/jersey2/ext/hk2-utils-2.2.0-b21.jar:/usr/lib/netbeans/enterprise/modules/ext/jersey2/ext/javax.annotation-api-1.2.jar:/usr/lib/netbeans/enterprise/modules/ext/jersey2/ext/javax.inject-2.2.0-b21.jar:/usr/lib/netbeans/enterprise/modules/ext/jersey2/ext/javax.servlet-api-3.0.1.jar:/usr/lib/netbeans/enterprise/modules/ext/jersey2/ext/jaxb-api-2.2.7.jar:/usr/lib/netbeans/enterprise/modules/ext/jersey2/ext/jersey-entity-filtering-2.5.1.jar:/usr/lib/netbeans/enterprise/modules/ext/jersey2/ext/jersey-media-moxy-2.5.1.jar:/usr/lib/netbeans/enterprise/modules/ext/jersey2/ext/org.osgi.core-4.2.0.jar:/usr/lib/netbeans/enterprise/modules/ext/jersey2/ext/osgi-resource-locator-1.0.1.jar:/usr/lib/netbeans/enterprise/modules/ext/jersey2/ext/persistence-api-1.0.jar:/usr/lib/netbeans/enterprise/modules/ext/jersey2/ext/validation-api-1.1.0.Final.jar:/usr/lib/netbeans/enterprise/modules/ext/jersey2/jersey-client.jar:/usr/lib/netbeans/enterprise/modules/ext/jersey2/jersey-common.jar:/usr/lib/netbeans/enterprise/modules/ext/jersey2/jersey-container-servlet.jar:/usr/lib/netbeans/enterprise/modules/ext/jersey2/jersey-container-servlet-core.jar:/usr/lib/netbeans/enterprise/modules/ext/jersey2/jersey-server.jar:/usr/lib/netbeans/java/modules/ext/eclipselink/org.eclipse.persistence.core-2.5.2.jar:/usr/lib/netbeans/java/modules/ext/eclipselink/org.eclipse.persistence.asm-2.5.2.jar:/usr/lib/netbeans/java/modules/ext/eclipselink/org.eclipse.persistence.antlr-2.5.2.jar:/usr/lib/netbeans/java/modules/ext/eclipselink/org.eclipse.persistence.jpa-2.5.2.jar:/usr/lib/netbeans/java/modules/ext/eclipselink/org.eclipse.persistence.jpa.jpql-2.5.2.jar" />
    <property name="apple.awt.graphics.UseQuartz" value="true" />
    <property name="run.jvmargs" value="" />
    <property name="libs.primefaces.src" value="" />
    <property name="ant.file" value="/home/juanb/Faculta/ingenieria/ing-sof-2/build.xml" />
    <property name="libs.struts.src" value="" />
    <property name="path.separator" value=":" />
    <property name="libs.JAXB-ENDORSED.classpath" value="/usr/lib/netbeans/ide/modules/ext/jaxb/api/jaxb-api.jar" />
    <property name="libs.restlib.src" value="" />
    <property name="build.test.results.dir" value="build/test/results" />
    <property name="libs.jaxws21.javadoc" value="/usr/lib/netbeans/java/docs/jaxws-api-doc.zip" />
    <property name="libs.spring-framework400.maven-pom" value="" />
    <property name="ap.processors.internal" value="" />
    <property name="libs.jsf12.classpath" value="/usr/lib/netbeans/enterprise/modules/ext/jsf-1_2/jsf-api.jar:/usr/lib/netbeans/enterprise/modules/ext/jsf-1_2/jsf-impl.jar" />
    <property name="libs.spring-webmvc5.0.javadoc" value="" />
    <property name="libs.hamcrest.javadoc" value="" />
    <property name="libs.spring-framework400.javadoc" value="" />
    <property name="libs.javac-api.src" value="" />
    <property name="do.jar" value="true" />
    <property name="java.vm.info" value="mixed mode" />
    <property name="libs.primefaces.classpath" value="/usr/lib/netbeans/enterprise/modules/ext/primefaces/primefaces-5.0.jar" />
    <property name="libs.jaxws21.maven-pom" value="" />
    <property name="run.test.classpath" value="${libs.beans-binding.classpath}:lib/DateChooser.jar:/usr/lib/netbeans/java/modules/ext/AbsoluteLayout.jar:build/classes:/usr/lib/netbeans/platform/modules/ext/junit-4.12.jar:/usr/lib/netbeans/platform/modules/ext/hamcrest-core-1.3.jar:build/test/classes" />
    <property name="java.class.version" value="55.0" />
    <property name="javadoc.encoding.used" value="UTF-8" />
    <property name="src.dir" value="src" />
    <property name="debug.classpath" value="${libs.beans-binding.classpath}:lib/DateChooser.jar:/usr/lib/netbeans/java/modules/ext/AbsoluteLayout.jar:build/classes" />
    <property name="ant.project.default-target" value="default" />
    <property name="excludes" value="" />
    <property name="libs.javaee-api-7.0.src" value="" />
    <property name="sun.jnu.encoding" value="UTF-8" />
    <property name="libs.junit_4.javadoc" value="/usr/lib/netbeans/platform/docs/junit-4.12-javadoc.jar" />
    <property name="run.test.jvmargs" value="" />
    <property name="libs.spring-webmvc4.0.src" value="" />
    <property name="sun.java2d.dpiaware" value="true" />
    <property name="main.class.available" value="true" />
    <property name="libs.jsf20.javadoc" value="/usr/lib/netbeans/enterprise/docs/javaee-doc-api.jar" />
    <property name="netbeans.importclass" value="org.netbeans.upgrade.AutoUpgrade" />
    <property name="netbeans.autoupdate.version" value="1.23" />
    <property name="empty.dir" value="/home/juanb/Faculta/ingenieria/ing-sof-2/build/empty" />
    <property name="netbeans.user" value="/home/juanb/.netbeans/11.3" />
    <property name="file.separator" value="/" />
    <property name="line.separator" value="&#xa;" />
    <property name="javadoc.additionalparam" value="" />
    <property name="libs.spring-webmvc5.0.classpath" value="/usr/lib/netbeans/java/modules/ext/spring-5/spring-webmvc-5.2.2.RELEASE.jar" />
    <property name="javac.debug" value="true" />
    <property name="libs.restlib.maven-pom" value="" />
    <property name="libs.testng.classpath" value="/usr/lib/netbeans/platform/modules/ext/testng-6.8.1-dist.jar" />
    <property name="libs.jsp-compiler.src" value="" />
    <property name="user.name" value="jbrbc" />
    <property name="libs.maven-dependencies.javadoc" value="/usr/lib/netbeans/enterprise/docs/javaee-doc-api.jar" />
    <property name="build.classes.dir" value="build/classes" />
    <property name="javadoc.windowtitle" value="" />
    <property name="nb.junit.single" value="false" />
    <property name="nb.internal.action.name" value="test" />
    <property name="libs.javaee-api-8.0.maven-pom" value="" />
    <property name="libs.jaxws21.src" value="" />
    <property name="libs.maven-dependencies.classpath" value="/usr/lib/netbeans/enterprise/modules/ext/javaee6-endorsed/javax.annotation.jar:/usr/lib/netbeans/enterprise/modules/ext/javaee6-endorsed/jaxb-api-osgi.jar:/usr/lib/netbeans/enterprise/modules/ext/javaee6-endorsed/webservices-api-osgi.jar" />
    <property name="jna.loaded" value="true" />
    <property name="libs.junit_5.maven-pom" value="" />
    <property name="libs.jpa20-persistence.javadoc" value="/usr/lib/netbeans/java/modules/ext/docs/javax.persistence-2.1.0-doc.zip" />
    <property name="ant.junit.enabletestlistenerevents" value="true" />
    <property name="libs.JWSAntTasks.src" value="" />
    <property name="libs.spring-webmvc3.0.src" value="" />
    <property name="ant.home" value="/usr/lib/netbeans/extide/ant" />
    <property name="have.tests" value="true" />
    <property name="javac.external.vm" value="true" />
    <property name="debug.test.classpath" value="${libs.beans-binding.classpath}:lib/DateChooser.jar:/usr/lib/netbeans/java/modules/ext/AbsoluteLayout.jar:build/classes:/usr/lib/netbeans/platform/modules/ext/junit-4.12.jar:/usr/lib/netbeans/platform/modules/ext/hamcrest-core-1.3.jar:build/test/classes" />
    <property name="testng.debug.mode" value="" />
    <property name="javac.target" value="1.8" />
    <property name="ant.version" value="Apache Ant(TM) version 1.10.4 compiled on June 19 2018" />
    <property name="libs.absolutelayout.maven-pom" value="" />
    <property name="jdk.gtk.version" value="2.2" />
    <property name="java.failonerror" value="true" />
    <property name="javac.modulepath" value="" />
    <property name="libs.spring-framework500.src" value="" />
    <property name="user.properties.file" value="/home/juanb/.netbeans/11.3/build.properties" />
    <property name="libs.javaee-api-6.0.src" value="" />
    <property name="netbeans.autoupdate.country" value="US" />
    <property name="java.class.path" value="/home/juanb/Faculta/ingenieria/ing-sof-2/lib/DateChooser.jar:/usr/lib/netbeans/java/modules/ext/AbsoluteLayout.jar:/home/juanb/Faculta/ingenieria/ing-sof-2/build/classes:/usr/lib/netbeans/platform/modules/ext/junit-4.12.jar:/usr/lib/netbeans/platform/modules/ext/hamcrest-core-1.3.jar:/home/juanb/Faculta/ingenieria/ing-sof-2/build/test/classes:/usr/lib/netbeans/extide/ant/lib/ant-launcher.jar:/usr/lib/netbeans/extide/ant/lib/ant.jar:/usr/lib/netbeans/extide/ant/lib/ant-junit.jar:/usr/lib/netbeans/extide/ant/lib/ant-junit4.jar" />
    <property name="libs.javaee-web-api-6.0.maven-pom" value="" />
    <property name="java.vm.vendor" value="Oracle Corporation" />
    <property name="ap.supported.internal" value="true" />
    <property name="netbeans.home+have.tests" value="true" />
    <property name="test.binaryexcludes" value="" />
    <property name="javac.compilerargs" value="" />
    <property name="libs.jstl.maven-pom" value="" />
    <property name="sun.cpu.endian" value="little" />
    <property name="libs.junit_4.src" value="/usr/lib/netbeans/platform/docs/junit-4.12-sources.jar" />
    <property name="user.language" value="en" />
    <property name="copylibs.rebase" value="true" />
    <property name="libs.javaee-web-api-6.0.src" value="" />
    <property name="javadoc.nonavbar" value="false" />
    <property name="libs.javaee-api-8.0.src" value="" />
    <property name="ant.java.version" value="11" />
    <property name="libs.junit_4.classpath" value="/usr/lib/netbeans/platform/modules/ext/junit-4.12.jar" />
    <property name="jlink.launcher.name" value="AlimentacionSaludable" />
    <property name="test.binarytestincludes" value="" />
    <property name="libs.spring-webmvc5.0.maven-pom" value="" />
    <property name="libs.junit_4.maven-pom" value="" />
    <property name="runtime.encoding" value="UTF-8" />
    <property name="libs.jsp-compiler.maven-pom" value="" />
    <property name="javac.classpath" value="${libs.beans-binding.classpath}:lib/DateChooser.jar:/usr/lib/netbeans/java/modules/ext/AbsoluteLayout.jar" />
    <property name="nb.junit.batch" value="true" />
    <property name="build.test.classes.dir" value="build/test/classes" />
    <property name="libs.spring-framework300.maven-pom" value="" />
    <property name="ant.project.invoked-targets" value="test" />
    <property name="libs.jstl.classpath" value="/usr/lib/netbeans/enterprise/modules/ext/jstl-impl.jar:/usr/lib/netbeans/enterprise/modules/ext/jstl-api.jar" />
    <property name="ap.cmd.line.internal" value="" />
    <property name="jna.platform.library.path" value="/usr/lib64:/lib64:/usr/lib:/lib:/usr/lib32:/usr/lib/openmpi:/usr/lib/libfakeroot" />
    <property name="libs.PostgreSQLDriver.src" value="" />
    <property name="java.vendor.url.bug" value="http://bugreport.java.com/bugreport/" />
    <property name="annotation.processing.source.output" value="build/generated-sources/ap-source-output" />
    <property name="user.dir" value="/home/juanb/Faculta/ingenieria/ing-sof-2" />
    <property name="platform.java" value="/usr/lib/jvm/java-11-openjdk/bin/java" />
    <property name="application.args" value="" />
    <property name="org.xml.sax.driver" value="com.sun.org.apache.xerces.internal.jaxp.SAXParserImpl$JAXPSAXParser" />
    <property name="libs.eclipselink.src" value="" />
    <property name="java.vm.version" value="11.0.7+10" />
    <property name="libs.metro.javadoc" value="/usr/lib/netbeans/enterprise/docs/webservices-api-javadoc.jar:/usr/lib/netbeans/enterprise/docs/webservices-extra-javadoc.jar:/usr/lib/netbeans/enterprise/docs/webservices-extra-api-javadoc.jar:/usr/lib/netbeans/enterprise/docs/webservices-rt-javadoc.jar:/usr/lib/netbeans/enterprise/docs/webservices-tools-javadoc.jar" />
    <property name="sun.awt.datatransfer.timeout" value="1000" />
    <property name="libs.jsp-compiler.classpath" value="/usr/lib/netbeans/enterprise/ant/extra/jspcompile.jar" />
    <property name="annotation.processing.run.all.processors" value="true" />
    <property name="junit.forkmode" value="perTest" />
    <property name="libs.javaee-web-api-7.0.src" value="" />
  </properties>
  <testcase classname="dominio.IngestaTest" name="testHashCodeEsDistinto" time="0.126" />
  <testcase classname="dominio.IngestaTest" name="testEqualsIgualesLista" time="0.0" />
  <testcase classname="dominio.IngestaTest" name="testGetsSetsDatosValidosToString" time="0.0" />
  <testcase classname="dominio.IngestaTest" name="testToStringListaAlimentosPorFechaVacia" time="0.0" />
  <testcase classname="dominio.IngestaTest" name="testHashCodeEsIgual" time="0.0" />
  <testcase classname="dominio.IngestaTest" name="testEqualsDistintosFecha" time="0.0" />
  <testcase classname="dominio.IngestaTest" name="testEqualsConNull" time="0.0" />
  <testcase classname="dominio.IngestaTest" name="testGetsSetsDatosValidosListaAlimentos" time="0.0" />
  <system-out><![CDATA[]]></system-out>
  <system-err><![CDATA[]]></system-err>
</testsuite>
