<?xml version="1.0" encoding="UTF-8" ?>
<testsuite errors="0" failures="0" hostname="DESKTOP-5ESEA55" name="dominio.AlimentoTest" skipped="0" tests="17" time="0.231" timestamp="2020-06-15T00:29:01">
  <properties>
    <property name="libs.jsp-compiler.javadoc" value="" />
    <property name="netbeans.autoupdate.country" value="US" />
    <property name="nb.wait.for.caches" value="true" />
    <property name="javac.test.classpath" value="E:\netbingis\NetBeans 8.0\java\modules\ext\beansbinding-1.2.1.jar:lib/DateChooser.jar:E:\netbingis\NetBeans 8.0\java\modules\ext\AbsoluteLayout.jar:lib/hamcrest-core-1.3.jar:lib/junit-4.13.jar:build/classes:${libs.junit_4.classpath}:${libs.hamcrest.classpath}" />
    <property name="libs.jsf20.maven-pom" value="" />
    <property name="javac.test.sourcepath" value="C:\Users\juanc\Desktop\balian-introini-ing-sof-2\build\empty" />
    <property name="libs.spring-webmvc4.0.src" value="" />
    <property name="ant.core.lib" value="E:\netbingis\NetBeans 8.0\extide\ant\lib\ant.jar" />
    <property name="javadoc.windowtitle" value="" />
    <property name="libs.jsp-compilation.javadoc" value="" />
    <property name="user.dir" value="C:\Users\juanc\Desktop\balian-introini-ing-sof-2" />
    <property name="libs.javaee-api-7.0.src" value="" />
    <property name="java.vm.version" value="25.111-b14" />
    <property name="libs.MySQLDriver.classpath" value="E:\netbingis\NetBeans 8.0\ide\modules\ext\mysql-connector-java-5.1.23-bin.jar" />
    <property name="libs.eclipselinkmodelgen.src" value="" />
    <property name="javadoc.notree" value="false" />
    <property name="netbeans.autoupdate.version" value="1.23" />
    <property name="libs.javaee-web-api-6.0.classpath" value="E:\netbingis\NetBeans 8.0\enterprise\modules\ext\javaee-web-api-6.0.jar" />
    <property name="javac.profile.cmd.line.arg" value="" />
    <property name="jdk.home" value="C:\Program Files\Java\jdk1.8.0_111" />
    <property name="libs.javac-api.src" value="" />
    <property name="javadoc.noindex" value="false" />
    <property name="libs.jpa2-persistence.classpath" value="E:\netbingis\NetBeans 8.0\java\modules\ext\hibernate4\hibernate-jpa-2.0-api-1.0.1.Final.jar" />
    <property name="sun.os.patch.level" value="" />
    <property name="do.archive+manifest.available" value="true" />
    <property name="java.vm.specification.name" value="Java Virtual Machine Specification" />
    <property name="nb.show.statistics.ui" value="usageStatisticsEnabled" />
    <property name="netbeans.autoupdate.variant" value="" />
    <property name="have.tests" value="true" />
    <property name="file.reference.junit-4.13.jar" value="lib/junit-4.13.jar" />
    <property name="org.xml.sax.driver" value="com.sun.org.apache.xerces.internal.jaxp.SAXParserImpl$JAXPSAXParser" />
    <property name="libs.javac-api.javadoc" value="" />
    <property name="os.name" value="Windows 10" />
    <property name="libs.beans-binding.classpath" value="E:\netbingis\NetBeans 8.0\java\modules\ext\beansbinding-1.2.1.jar" />
    <property name="libs.javaee-endorsed-api-7.0.maven-pom" value="" />
    <property name="ap.proc.none.internal" value="" />
    <property name="libs.restapi.javadoc" value="" />
    <property name="libs.JWSAntTasks.maven-pom" value="" />
    <property name="libs.jstl.classpath" value="E:\netbingis\NetBeans 8.0\enterprise\modules\ext\jstl-impl.jar;E:\netbingis\NetBeans 8.0\enterprise\modules\ext\jstl-api.jar" />
    <property name="libs.testng.src" value="" />
    <property name="libs.spring-webmvc3.0.src" value="" />
    <property name="libs.restapi.classpath" value="E:\netbingis\NetBeans 8.0\enterprise\modules\ext\jaxrs-2.0\javax.ws.rs-api-2.0.jar" />
    <property name="java.vendor.url.bug" value="http://bugreport.sun.com/bugreport/" />
    <property name="libs.jaxb.maven-pom" value="" />
    <property name="os.arch" value="amd64" />
    <property name="libs.eclipselink.src" value="" />
    <property name="user.name" value="juanc" />
    <property name="libs.jsf12.javadoc" value="E:\netbingis\NetBeans 8.0\enterprise\docs\javaee-doc-api.jar" />
    <property name="copylibs.rebase" value="true" />
    <property name="libs.spring-webmvc3.0.maven-pom" value="" />
    <property name="libs.swing-layout.maven-pom" value="" />
    <property name="sun.java.command" value="org.apache.tools.ant.taskdefs.optional.junit.JUnitTestRunner dominio.AlimentoTest filtertrace=true haltOnError=false haltOnFailure=false showoutput=true outputtoformatters=true logfailedtests=true logtestlistenerevents=true formatter=org.apache.tools.ant.taskdefs.optional.junit.BriefJUnitResultFormatter formatter=org.apache.tools.ant.taskdefs.optional.junit.XMLJUnitResultFormatter,C:\Users\juanc\Desktop\balian-introini-ing-sof-2\build\test\results\TEST-dominio.AlimentoTest.xml crashfile=C:\Users\juanc\Desktop\balian-introini-ing-sof-2\build\junitvmwatcher2312685949993275819.properties propsfile=C:\Users\juanc\Desktop\balian-introini-ing-sof-2\build\junit54764102088888565.properties" />
    <property name="build.classes.dir" value="build/classes" />
    <property name="netbeans.accept_license_class" value="org.netbeans.license.AcceptLicense" />
    <property name="build.sysclasspath" value="ignore" />
    <property name="manifest.encoding" value="UTF-8" />
    <property name="ap.supported.internal" value="true" />
    <property name="java.failonerror" value="true" />
    <property name="run.modulepath" value="" />
    <property name="libs.javaee-endorsed-api-7.0.javadoc" value="E:\netbingis\NetBeans 8.0\enterprise\docs\javaee-doc-api.jar" />
    <property name="libs.jaxws21.javadoc" value="E:\netbingis\NetBeans 8.0\java\docs\jaxws-api-doc.zip" />
    <property name="libs.spring-webmvc4.0.javadoc" value="" />
    <property name="includes" value="**" />
    <property name="ant.file.type.AlimentacionSaludable" value="file" />
    <property name="user.country" value="US" />
    <property name="manifest.file" value="manifest.mf" />
    <property name="javadoc.encoding" value="UTF-8" />
    <property name="javac.classpath" value="E:\netbingis\NetBeans 8.0\java\modules\ext\beansbinding-1.2.1.jar:lib/DateChooser.jar:E:\netbingis\NetBeans 8.0\java\modules\ext\AbsoluteLayout.jar:lib/hamcrest-core-1.3.jar:lib/junit-4.13.jar" />
    <property name="libs.jsp-compilation-syscp.src" value="" />
    <property name="libs.spring-framework400.classpath" value="E:\netbingis\NetBeans 8.0\ide\modules\org-apache-commons-logging.jar;E:\netbingis\NetBeans 8.0\java\modules\ext\cglib-2.2.jar;E:\netbingis\NetBeans 8.0\java\modules\ext\spring-4\spring-aop-4.0.1.RELEASE.jar;E:\netbingis\NetBeans 8.0\java\modules\ext\spring-4\spring-aspects-4.0.1.RELEASE.jar;E:\netbingis\NetBeans 8.0\java\modules\ext\spring-4\spring-beans-4.0.1.RELEASE.jar;E:\netbingis\NetBeans 8.0\java\modules\ext\spring-4\spring-build-src-4.0.1.RELEASE.jar;E:\netbingis\NetBeans 8.0\java\modules\ext\spring-4\spring-context-4.0.1.RELEASE.jar;E:\netbingis\NetBeans 8.0\java\modules\ext\spring-4\spring-context-support-4.0.1.RELEASE.jar;E:\netbingis\NetBeans 8.0\java\modules\ext\spring-4\spring-core-4.0.1.RELEASE.jar;E:\netbingis\NetBeans 8.0\java\modules\ext\spring-4\spring-expression-4.0.1.RELEASE.jar;E:\netbingis\NetBeans 8.0\java\modules\ext\spring-4\spring-framework-bom-4.0.1.RELEASE.jar;E:\netbingis\NetBeans 8.0\java\modules\ext\spring-4\spring-instrument-4.0.1.RELEASE.jar;E:\netbingis\NetBeans 8.0\java\modules\ext\spring-4\spring-instrument-tomcat-4.0.1.RELEASE.jar;E:\netbingis\NetBeans 8.0\java\modules\ext\spring-4\spring-jdbc-4.0.1.RELEASE.jar;E:\netbingis\NetBeans 8.0\java\modules\ext\spring-4\spring-jms-4.0.1.RELEASE.jar;E:\netbingis\NetBeans 8.0\java\modules\ext\spring-4\spring-messaging-4.0.1.RELEASE.jar;E:\netbingis\NetBeans 8.0\java\modules\ext\spring-4\spring-orm-4.0.1.RELEASE.jar;E:\netbingis\NetBeans 8.0\java\modules\ext\spring-4\spring-oxm-4.0.1.RELEASE.jar;E:\netbingis\NetBeans 8.0\java\modules\ext\spring-4\spring-test-4.0.1.RELEASE.jar;E:\netbingis\NetBeans 8.0\java\modules\ext\spring-4\spring-tx-4.0.1.RELEASE.jar;E:\netbingis\NetBeans 8.0\java\modules\ext\spring-4\spring-web-4.0.1.RELEASE.jar;E:\netbingis\NetBeans 8.0\java\modules\ext\spring-4\spring-webmvc-4.0.1.RELEASE.jar;E:\netbingis\NetBeans 8.0\java\modules\ext\spring-4\spring-webmvc-portlet-4.0.1.RELEASE.jar;E:\netbingis\NetBeans 8.0\java\modules\ext\spring-4\spring-websocket-4.0.1.RELEASE.jar" />
    <property name="debug-transport" value="dt_shmem" />
    <property name="netbeans.home" value="E:\netbingis\NetBeans 8.0\platform" />
    <property name="build.compiler.emacs" value="true" />
    <property name="libs.javaee-web-api-6.0.src" value="" />
    <property name="libs.jsp-compilation-syscp.classpath" value="E:\netbingis\NetBeans 8.0\extide\ant\lib\ant.jar;E:\netbingis\NetBeans 8.0\enterprise\modules\ext\servlet3.1-jsp2.3-api.jar;E:\netbingis\NetBeans 8.0\enterprise\modules\ext\glassfish-jspparser-4.0.jar;E:\netbingis\NetBeans 8.0\enterprise\modules\ext\jstl-impl.jar;E:\netbingis\NetBeans 8.0\enterprise\modules\ext\jsf-2_2\javax.faces.jar" />
    <property name="javac.modulepath" value="" />
    <property name="java.endorsed.dirs" value="C:\Program Files\Java\jdk1.8.0_111\jre\lib\endorsed" />
    <property name="netbeans.dynamic.classpath" value="E:\netbingis\NetBeans 8.0\platform\core\core.jar;E:\netbingis\NetBeans 8.0\platform\core\org-openide-filesystems.jar;E:\netbingis\NetBeans 8.0\platform\core\locale\core_ja.jar;E:\netbingis\NetBeans 8.0\platform\core\locale\core_pt_BR.jar;E:\netbingis\NetBeans 8.0\platform\core\locale\core_ru.jar;E:\netbingis\NetBeans 8.0\platform\core\locale\core_zh_CN.jar;E:\netbingis\NetBeans 8.0\platform\core\locale\org-openide-filesystems_ja.jar;E:\netbingis\NetBeans 8.0\platform\core\locale\org-openide-filesystems_pt_BR.jar;E:\netbingis\NetBeans 8.0\platform\core\locale\org-openide-filesystems_ru.jar;E:\netbingis\NetBeans 8.0\platform\core\locale\org-openide-filesystems_zh_CN.jar;E:\netbingis\NetBeans 8.0\nb\core\org-netbeans-upgrader.jar;E:\netbingis\NetBeans 8.0\nb\core\locale\core_nb.jar;E:\netbingis\NetBeans 8.0\nb\core\locale\core_nb_ja.jar;E:\netbingis\NetBeans 8.0\nb\core\locale\core_nb_pt_BR.jar;E:\netbingis\NetBeans 8.0\nb\core\locale\core_nb_ru.jar;E:\netbingis\NetBeans 8.0\nb\core\locale\core_nb_zh_CN.jar;E:\netbingis\NetBeans 8.0\nb\core\locale\org-netbeans-upgrader_ja.jar;E:\netbingis\NetBeans 8.0\nb\core\locale\org-netbeans-upgrader_pt_BR.jar;E:\netbingis\NetBeans 8.0\nb\core\locale\org-netbeans-upgrader_ru.jar;E:\netbingis\NetBeans 8.0\nb\core\locale\org-netbeans-upgrader_zh_CN.jar" />
    <property name="java.vm.specification.version" value="1.8" />
    <property name="libs.hibernate4-support.src" value="" />
    <property name="libs.primefaces.classpath" value="E:\netbingis\NetBeans 8.0\enterprise\modules\ext\primefaces\primefaces-4.0.jar" />
    <property name="libs.javaee-api-6.0.classpath" value="E:\netbingis\NetBeans 8.0\enterprise\modules\ext\javaee-api-6.0.jar" />
    <property name="netbeans.productversion" value="NetBeans IDE 8.0 (Build 201403101706)" />
    <property name="libs.jaxws21.src" value="" />
    <property name="application.title" value="AlimentacionSaludable" />
    <property name="do.archive" value="true" />
    <property name="netbeans.autoupdate.language" value="en" />
    <property name="java.vendor" value="Oracle Corporation" />
    <property name="libs.javaee-api-6.0.javadoc" value="E:\netbingis\NetBeans 8.0\enterprise\docs\javaee-doc-api.jar" />
    <property name="jar.index.metainf" value="false" />
    <property name="javac.debug" value="true" />
    <property name="javadoc.splitindex" value="true" />
    <property name="file.separator" value="\" />
    <property name="mkdist.disabled" value="false" />
    <property name="javac.test.processorpath" value="E:\netbingis\NetBeans 8.0\java\modules\ext\beansbinding-1.2.1.jar:lib/DateChooser.jar:E:\netbingis\NetBeans 8.0\java\modules\ext\AbsoluteLayout.jar:lib/hamcrest-core-1.3.jar:lib/junit-4.13.jar:build/classes:${libs.junit_4.classpath}:${libs.hamcrest.classpath}" />
    <property name="netbeans.buildnumber" value="201403101706" />
    <property name="libs.JWSAntTasks.javadoc" value="" />
    <property name="build.generated.sources.dir" value="build/generated-sources" />
    <property name="user.variant" value="" />
    <property name="libs.eclipselinkmodelgen.classpath" value="E:\netbingis\NetBeans 8.0\java\modules\ext\eclipselink\org.eclipse.persistence.jpa.modelgen_2.5.1.v20130918-f2b9fc5.jar" />
    <property name="libs.javaee-endorsed-api-7.0.src" value="" />
    <property name="sun.java.launcher" value="SUN_STANDARD" />
    <property name="libs.hibernate4-persistencemodelgen.javadoc" value="" />
    <property name="libs.jaxb.javadoc" value="E:\netbingis\NetBeans 8.0\ide\docs\jaxb-api-doc.zip" />
    <property name="libs.struts.classpath" value="E:\netbingis\NetBeans 8.0\enterprise\modules\ext\struts\antlr-2.7.2.jar;E:\netbingis\NetBeans 8.0\enterprise\modules\ext\struts\bsf-2.3.0.jar;E:\netbingis\NetBeans 8.0\enterprise\modules\ext\struts\commons-beanutils-1.8.0.jar;E:\netbingis\NetBeans 8.0\enterprise\modules\ext\struts\commons-chain-1.2.jar;E:\netbingis\NetBeans 8.0\enterprise\modules\ext\struts\commons-digester-1.8.jar;E:\netbingis\NetBeans 8.0\enterprise\modules\ext\struts\commons-fileupload-1.1.1.jar;E:\netbingis\NetBeans 8.0\enterprise\modules\ext\struts\commons-io-1.1.jar;E:\netbingis\NetBeans 8.0\enterprise\modules\ext\struts\commons-logging-1.0.4.jar;E:\netbingis\NetBeans 8.0\enterprise\modules\ext\struts\commons-validator-1.3.1.jar;E:\netbingis\NetBeans 8.0\enterprise\modules\ext\struts\jstl-1.0.2.jar;E:\netbingis\NetBeans 8.0\enterprise\modules\ext\struts\oro-2.0.8.jar;E:\netbingis\NetBeans 8.0\enterprise\modules\ext\struts\standard-1.0.6.jar;E:\netbingis\NetBeans 8.0\enterprise\modules\ext\struts\struts-core-1.3.10.jar;E:\netbingis\NetBeans 8.0\enterprise\modules\ext\struts\struts-el-1.3.10.jar;E:\netbingis\NetBeans 8.0\enterprise\modules\ext\struts\struts-extras-1.3.10.jar;E:\netbingis\NetBeans 8.0\enterprise\modules\ext\struts\struts-faces-1.3.10.jar;E:\netbingis\NetBeans 8.0\enterprise\modules\ext\struts\struts-mailreader-dao-1.3.10.jar;E:\netbingis\NetBeans 8.0\enterprise\modules\ext\struts\struts-scripting-1.3.10.jar;E:\netbingis\NetBeans 8.0\enterprise\modules\ext\struts\struts-taglib-1.3.10.jar;E:\netbingis\NetBeans 8.0\enterprise\modules\ext\struts\struts-tiles-1.3.10.jar" />
    <property name="ant.home" value="E:\netbingis\NetBeans 8.0\extide\ant" />
    <property name="libs.testng.classpath" value="E:\netbingis\NetBeans 8.0\platform\modules\ext\testng-6.8.1-dist.jar" />
    <property name="libs.absolutelayout.maven-pom" value="" />
    <property name="ant.java.version" value="1.8" />
    <property name="java.library.path" value="C:\Program Files\Java\jdk1.8.0_111\jre\bin;C:\WINDOWS\Sun\Java\bin;C:\WINDOWS\system32;C:\WINDOWS;C:\Program Files (x86)\Common Files\Oracle\Java\javapath;C:\Program Files\Haskell\bin;D:\jhhgjh\8.6.5\lib\extralibs\bin;D:\jhhgjh\8.6.5\bin;C:\Python38\Scripts\;C:\Python38\;C:\Program Files (x86)\Common Files\Intel\Shared Libraries\redist\intel64\compiler;C:\Windows\system32;C:\Windows;C:\Windows\System32\Wbem;C:\Windows\System32\WindowsPowerShell\v1.0\;C:\Windows\System32\OpenSSH\;C:\Program Files\NVIDIA Corporation\NVIDIA NvDLISR;C:\Program Files (x86)\NVIDIA Corporation\PhysX\Common;C:\Program Files\nodejs\;C:\ProgramData\chocolatey\bin;C:\Program Files\Git\cmd;D:\jhhgjh\8.6.5\mingw\bin;C:\MinGW\bin;C:\Program Files\dotnet\;C:\Users\juanc\AppData\Roaming\cabal\bin;C:\Users\juanc\AppData\Roaming\local\bin;C:\Ruby27-x64\bin;C:\Users\juanc\AppData\Local\Microsoft\WindowsApps;C:\Users\juanc\AppData\Local\Programs\Microsoft VS Code\bin;C:\Users\juanc\AppData\Roaming\npm;D:\xampp\php;C:\Users\juanc\AppData\Local\ComposerSetup\bin;C:\Users\juanc\AppData\Roaming\Composer\vendor\bin;C:\tools\neovim\Neovim\bin;C:\ProgramData\chocolatey\lib\ghc\tools\ghc-8.10.1\bin;C:\tools\msys64;;." />
    <property name="javadoc.author" value="false" />
    <property name="libs.metro.maven-pom" value="" />
    <property name="java.util.logging.config.class" value="org.netbeans.core.startup.TopLogging" />
    <property name="libs.spring-framework400.src" value="" />
    <property name="libs.PostgreSQLDriver.src" value="" />
    <property name="sun.arch.data.model" value="64" />
    <property name="basedir" value="C:\Users\juanc\Desktop\balian-introini-ing-sof-2" />
    <property name="libs.jpa20-persistence.maven-pom" value="" />
    <property name="file.reference.DateChooser.jar" value="lib/DateChooser.jar" />
    <property name="jar.compress" value="true" />
    <property name="libs.javaee-web-api-7.0.classpath" value="E:\netbingis\NetBeans 8.0\enterprise\modules\ext\javaee-web-api-7.0.jar" />
    <property name="path.separator" value=";" />
    <property name="libs.javaee-web-api-6.0.javadoc" value="E:\netbingis\NetBeans 8.0\enterprise\docs\javaee-doc-api.jar" />
    <property name="ant.junit.enabletestlistenerevents" value="true" />
    <property name="sun.io.unicode.encoding" value="UnicodeLittle" />
    <property name="libs.jaxws21.classpath" value="E:\netbingis\NetBeans 8.0\ide\modules\ext\jaxb\jaxb-impl.jar;E:\netbingis\NetBeans 8.0\ide\modules\ext\jaxb\jaxb-xjc.jar;E:\netbingis\NetBeans 8.0\java\modules\ext\jaxws22\FastInfoset.jar;E:\netbingis\NetBeans 8.0\java\modules\ext\jaxws22\gmbal-api-only.jar;E:\netbingis\NetBeans 8.0\java\modules\ext\jaxws22\ha-api.jar;E:\netbingis\NetBeans 8.0\java\modules\ext\jaxws22\javax.mail_1.4.jar;E:\netbingis\NetBeans 8.0\java\modules\ext\jaxws22\jaxws-rt.jar;E:\netbingis\NetBeans 8.0\java\modules\ext\jaxws22\jaxws-tools.jar;E:\netbingis\NetBeans 8.0\java\modules\ext\jaxws22\management-api.jar;E:\netbingis\NetBeans 8.0\java\modules\ext\jaxws22\mimepull.jar;E:\netbingis\NetBeans 8.0\java\modules\ext\jaxws22\policy.jar;E:\netbingis\NetBeans 8.0\java\modules\ext\jaxws22\saaj-impl.jar;E:\netbingis\NetBeans 8.0\java\modules\ext\jaxws22\stax-ex.jar;E:\netbingis\NetBeans 8.0\java\modules\ext\jaxws22\stax2-api.jar;E:\netbingis\NetBeans 8.0\java\modules\ext\jaxws22\streambuffer.jar;E:\netbingis\NetBeans 8.0\java\modules\ext\jaxws22\woodstox-core-asl.jar;E:\netbingis\NetBeans 8.0\java\modules\ext\jaxws22\api\jaxws-api.jar;E:\netbingis\NetBeans 8.0\java\modules\ext\jaxws22\api\jsr181-api.jar;E:\netbingis\NetBeans 8.0\java\modules\ext\jaxws22\api\javax.annotation.jar;E:\netbingis\NetBeans 8.0\java\modules\ext\jaxws22\api\saaj-api.jar;E:\netbingis\NetBeans 8.0\ide\modules\ext\jaxb\activation.jar;E:\netbingis\NetBeans 8.0\ide\modules\ext\jaxb\api\jaxb-api.jar;E:\netbingis\NetBeans 8.0\ide\modules\ext\jaxb\api\jsr173_1.0_api.jar" />
    <property name="libs.struts.src" value="" />
    <property name="compile.on.save" value="true" />
    <property name="apple.awt.graphics.UseQuartz" value="true" />
    <property name="user.language" value="en" />
    <property name="testng.mode" value="testng" />
    <property name="libs.JAXB-ENDORSED.maven-pom" value="" />
    <property name="libs.eclipselink.maven-pom" value="" />
    <property name="application.vendor" value="Martín" />
    <property name="test.binaryincludes" value="&lt;nothing&gt;" />
    <property name="manifest.available" value="true" />
    <property name="libs.primefaces.javadoc" value="" />
    <property name="libs.spring-framework300.maven-pom" value="" />
    <property name="run.test.classpath" value="E:\netbingis\NetBeans 8.0\java\modules\ext\beansbinding-1.2.1.jar:lib/DateChooser.jar:E:\netbingis\NetBeans 8.0\java\modules\ext\AbsoluteLayout.jar:lib/hamcrest-core-1.3.jar:lib/junit-4.13.jar:build/classes:${libs.junit_4.classpath}:${libs.hamcrest.classpath}:build/test/classes" />
    <property name="ant.project.invoked-targets" value="test" />
    <property name="test.binaryexcludes" value="" />
    <property name="libs.swing-layout.javadoc" value="E:\netbingis\NetBeans 8.0\platform\docs\swing-layout-1.0.4-doc.zip" />
    <property name="sun.java2d.dpiaware" value="true" />
    <property name="libs.hibernate4-persistence.maven-pom" value="" />
    <property name="https.nonProxyHosts" value="localhost|127.0.0.1|DESKTOP-5ESEA55" />
    <property name="libs.PostgreSQLDriver.maven-pom" value="" />
    <property name="java.class.version" value="52.0" />
    <property name="libs.hibernate4-persistencemodelgen.maven-pom" value="" />
    <property name="libs.javaee-endorsed-api-6.0.src" value="" />
    <property name="libs.eclipselink.javadoc" value="" />
    <property name="libs.jsp-compilation.maven-pom" value="" />
    <property name="user.properties.file" value="C:\Users\juanc\AppData\Roaming\NetBeans\8.0\build.properties" />
    <property name="runtime.encoding" value="UTF-8" />
    <property name="libs.javac-api.maven-pom" value="" />
    <property name="file.encoding.pkg" value="sun.io" />
    <property name="sun.cpu.endian" value="little" />
    <property name="libs.JAXB-ENDORSED.javadoc" value="" />
    <property name="libs.JWSAntTasks.classpath" value="E:\netbingis\NetBeans 8.0\java\ant\extra\org-netbeans-modules-javawebstart-anttasks.jar" />
    <property name="libs.spring-webmvc4.0.maven-pom" value="" />
    <property name="libs.spring-framework300.src" value="" />
    <property name="libs.jstl.src" value="" />
    <property name="empty.dir" value="C:\Users\juanc\Desktop\balian-introini-ing-sof-2\build\empty" />
    <property name="test.binarytestincludes" value="" />
    <property name="libs.hibernate4-persistencemodelgen.src" value="" />
    <property name="javadoc.preview" value="true" />
    <property name="libs.jpa20-persistence.javadoc" value="" />
    <property name="java.home" value="C:\Program Files\Java\jdk1.8.0_111\jre" />
    <property name="libs.jsp-compilation.src" value="" />
    <property name="debug.test.classpath" value="E:\netbingis\NetBeans 8.0\java\modules\ext\beansbinding-1.2.1.jar:lib/DateChooser.jar:E:\netbingis\NetBeans 8.0\java\modules\ext\AbsoluteLayout.jar:lib/hamcrest-core-1.3.jar:lib/junit-4.13.jar:build/classes:${libs.junit_4.classpath}:${libs.hamcrest.classpath}:build/test/classes" />
    <property name="libs.javaee-endorsed-api-6.0.classpath" value="E:\netbingis\NetBeans 8.0\enterprise\modules\ext\javaee6-endorsed\javax.annotation.jar;E:\netbingis\NetBeans 8.0\enterprise\modules\ext\javaee6-endorsed\jaxb-api-osgi.jar;E:\netbingis\NetBeans 8.0\enterprise\modules\ext\javaee6-endorsed\webservices-api-osgi.jar" />
    <property name="libs.javaee-api-6.0.src" value="" />
    <property name="netbeans.importclass" value="org.netbeans.upgrade.AutoUpgrade" />
    <property name="ant.project.default-target" value="default" />
    <property name="annotation.processing.run.all.processors" value="true" />
    <property name="libs.PostgreSQLDriver.javadoc" value="" />
    <property name="libs.restlib.classpath" value="E:\netbingis\NetBeans 8.0\enterprise\modules\ext\jersey2\ext\asm-all-repackaged-2.1.88.jar;E:\netbingis\NetBeans 8.0\enterprise\modules\ext\jersey2\ext\cglib-2.1.88.jar;E:\netbingis\NetBeans 8.0\enterprise\modules\ext\jersey2\ext\guava-14.0.1.jar;E:\netbingis\NetBeans 8.0\enterprise\modules\ext\jersey2\ext\hk2-api-2.1.88.jar;E:\netbingis\NetBeans 8.0\enterprise\modules\ext\jersey2\ext\hk2-locator-2.1.88.jar;E:\netbingis\NetBeans 8.0\enterprise\modules\ext\jersey2\ext\hk2-utils-2.1.88.jar;E:\netbingis\NetBeans 8.0\enterprise\modules\ext\jersey2\ext\javax.annotation-api-1.2.jar;E:\netbingis\NetBeans 8.0\enterprise\modules\ext\jersey2\ext\javax.inject-2.1.88.jar;E:\netbingis\NetBeans 8.0\enterprise\modules\ext\jersey2\ext\javax.servlet-api-3.1.0.jar;E:\netbingis\NetBeans 8.0\enterprise\modules\ext\jersey2\ext\jaxb-api-2.2.7.jar;E:\netbingis\NetBeans 8.0\enterprise\modules\ext\jersey2\ext\org.osgi.core-4.2.0.jar;E:\netbingis\NetBeans 8.0\enterprise\modules\ext\jersey2\ext\osgi-resource-locator-1.0.1.jar;E:\netbingis\NetBeans 8.0\enterprise\modules\ext\jersey2\ext\persistence-api-1.0.jar;E:\netbingis\NetBeans 8.0\enterprise\modules\ext\jersey2\ext\validation-api-1.1.0.jar;E:\netbingis\NetBeans 8.0\enterprise\modules\ext\jersey2\jersey-client.jar;E:\netbingis\NetBeans 8.0\enterprise\modules\ext\jersey2\jersey-common.jar;E:\netbingis\NetBeans 8.0\enterprise\modules\ext\jersey2\jersey-container-servlet.jar;E:\netbingis\NetBeans 8.0\enterprise\modules\ext\jersey2\jersey-container-servlet-core.jar;E:\netbingis\NetBeans 8.0\enterprise\modules\ext\jersey2\jersey-server.jar;E:\netbingis\NetBeans 8.0\enterprise\modules\ext\jersey2\extensions\jackson-core-asl-1.9.11.jar;E:\netbingis\NetBeans 8.0\enterprise\modules\ext\jersey2\extensions\jackson-jaxrs-1.9.11.jar;E:\netbingis\NetBeans 8.0\enterprise\modules\ext\jersey2\extensions\jackson-mapper-asl-1.9.11.jar;E:\netbingis\NetBeans 8.0\enterprise\modules\ext\jersey2\extensions\jackson-xc-1.9.11.jar;E:\netbingis\NetBeans 8.0\enterprise\modules\ext\jersey2\extensions\jersey-media-json-jackson-2.0.jar;E:\netbingis\NetBeans 8.0\enterprise\modules\ext\jersey2\extensions\jersey-media-json-jettison-2.0.jar;E:\netbingis\NetBeans 8.0\enterprise\modules\ext\jersey2\extensions\jettison-1.3.3.jar" />
    <property name="libs.MySQLDriver.maven-pom" value="" />
    <property name="libs.hibernate4-persistence.javadoc" value="" />
    <property name="http.nonProxyHosts" value="localhost|127.0.0.1|DESKTOP-5ESEA55" />
    <property name="javac.test.modulepath" value="" />
    <property name="libs.javaee-web-api-6.0.maven-pom" value="" />
    <property name="run.classpath" value="E:\netbingis\NetBeans 8.0\java\modules\ext\beansbinding-1.2.1.jar:lib/DateChooser.jar:E:\netbingis\NetBeans 8.0\java\modules\ext\AbsoluteLayout.jar:lib/hamcrest-core-1.3.jar:lib/junit-4.13.jar:build/classes" />
    <property name="jna.boot.library.name" value="jnidispatch-340" />
    <property name="libs.javaee-endorsed-api-6.0.javadoc" value="E:\netbingis\NetBeans 8.0\enterprise\docs\javaee-doc-api.jar" />
    <property name="libs.javaee-api-7.0.classpath" value="E:\netbingis\NetBeans 8.0\enterprise\modules\ext\javaee-api-7.0.jar" />
    <property name="sun.awt.datatransfer.timeout" value="1000" />
    <property name="libs.spring-webmvc3.0.javadoc" value="" />
    <property name="libs.jpa2-persistence.maven-pom" value="" />
    <property name="annotation.processing.enabled.in.editor" value="false" />
    <property name="libs.hibernate4-support.classpath" value="E:\netbingis\NetBeans 8.0\java\modules\ext\hibernate4\antlr-2.7.7.jar;E:\netbingis\NetBeans 8.0\java\modules\ext\hibernate4\c3p0-0.9.2.1.jar;E:\netbingis\NetBeans 8.0\java\modules\ext\hibernate4\hibernate-c3p0-4.2.6.Final.jar;E:\netbingis\NetBeans 8.0\java\modules\ext\hibernate4\dom4j-1.6.1.jar;E:\netbingis\NetBeans 8.0\java\modules\ext\hibernate4\ehcache-core-2.4.3.jar;E:\netbingis\NetBeans 8.0\java\modules\ext\hibernate4\hibernate-ehcache-4.2.6.Final.jar;E:\netbingis\NetBeans 8.0\java\modules\ext\hibernate4\hibernate-core-4.2.6.Final.jar;E:\netbingis\NetBeans 8.0\java\modules\ext\hibernate4\jboss-logging-3.1.0.GA.jar;E:\netbingis\NetBeans 8.0\java\modules\ext\hibernate4\hibernate-commons-annotations-4.0.2.Final.jar;E:\netbingis\NetBeans 8.0\java\modules\ext\hibernate4\hibernate-entitymanager-4.2.6.Final.jar;E:\netbingis\NetBeans 8.0\java\modules\ext\hibernate4\javassist-3.15.0-GA.jar;E:\netbingis\NetBeans 8.0\java\modules\ext\hibernate4\jboss-transaction-api_1.1_spec-1.0.1.Final.jar;E:\netbingis\NetBeans 8.0\java\modules\ext\hibernate4\slf4j-api-1.6.1.jar;E:\netbingis\NetBeans 8.0\java\modules\ext\hibernate4\slf4j-simple-1.6.1.jar" />
    <property name="nb.native.filechooser" value="false" />
    <property name="libs.restapi.src" value="" />
    <property name="sun.management.compiler" value="HotSpot 64-Bit Tiered Compilers" />
    <property name="javac.deprecation" value="false" />
    <property name="javadoc.use" value="true" />
    <property name="sun.java2d.noddraw" value="true" />
    <property name="libs.jsp-compiler.classpath" value="E:\netbingis\NetBeans 8.0\enterprise\ant\extra\jspcompile.jar" />
    <property name="javac.processorpath" value="E:\netbingis\NetBeans 8.0\java\modules\ext\beansbinding-1.2.1.jar:lib/DateChooser.jar:E:\netbingis\NetBeans 8.0\java\modules\ext\AbsoluteLayout.jar:lib/hamcrest-core-1.3.jar:lib/junit-4.13.jar" />
    <property name="javac.compilerargs" value="" />
    <property name="ant.file" value="C:\Users\juanc\Desktop\balian-introini-ing-sof-2\build.xml" />
    <property name="libs.beans-binding.maven-pom" value="" />
    <property name="libs.hibernate4-support.javadoc" value="" />
    <property name="libs.jsf12.classpath" value="E:\netbingis\NetBeans 8.0\enterprise\modules\ext\jsf-1_2\commons-beanutils.jar;E:\netbingis\NetBeans 8.0\enterprise\modules\ext\jsf-1_2\commons-collections.jar;E:\netbingis\NetBeans 8.0\enterprise\modules\ext\jsf-1_2\commons-digester.jar;E:\netbingis\NetBeans 8.0\enterprise\modules\ext\jsf-1_2\commons-logging.jar;E:\netbingis\NetBeans 8.0\enterprise\modules\ext\jsf-1_2\jsf-api.jar;E:\netbingis\NetBeans 8.0\enterprise\modules\ext\jsf-1_2\jsf-impl.jar" />
    <property name="libs.jstl.maven-pom" value="" />
    <property name="libs.restapi.maven-pom" value="" />
    <property name="libs.beans-binding.src" value="" />
    <property name="java.vm.specification.vendor" value="Oracle Corporation" />
    <property name="libs.swing-layout.src" value="E:\netbingis\NetBeans 8.0\platform\docs\swing-layout-1.0.4-src.zip" />
    <property name="org.openide.major.version" value="IDE/1" />
    <property name="java.vm.name" value="Java HotSpot(TM) 64-Bit Server VM" />
    <property name="netbeans.user" value="C:\Users\juanc\AppData\Roaming\NetBeans\8.0" />
    <property name="javadoc.additionalparam" value="" />
    <property name="java.io.tmpdir" value="C:\Users\juanc\AppData\Local\Temp\" />
    <property name="java.vendor.url" value="http://java.oracle.com/" />
    <property name="endorsed.classpath.cmd.line.arg" value="" />
    <property name="junit.available" value="true" />
    <property name="do.jlink" value="false" />
    <property name="libs.jsp-compiler.src" value="" />
    <property name="org.openide.awt.ActionReference.completion" value="org.netbeans.modules.apisupport.project.layers.PathCompletions" />
    <property name="sun.boot.library.path" value="C:\Program Files\Java\jdk1.8.0_111\jre\bin" />
    <property name="have.sources" value="true" />
    <property name="debug.classpath" value="E:\netbingis\NetBeans 8.0\java\modules\ext\beansbinding-1.2.1.jar:lib/DateChooser.jar:E:\netbingis\NetBeans 8.0\java\modules\ext\AbsoluteLayout.jar:lib/hamcrest-core-1.3.jar:lib/junit-4.13.jar:build/classes" />
    <property name="javac.external.vm" value="true" />
    <property name="javadoc.private" value="false" />
    <property name="test.src.dir" value="test" />
    <property name="libs.jsf20.classpath" value="E:\netbingis\NetBeans 8.0\enterprise\modules\ext\jsf-2_2\javax.faces.jar" />
    <property name="ap.processors.internal" value="" />
    <property name="meta.inf.dir" value="src/META-INF" />
    <property name="javadoc.encoding.used" value="UTF-8" />
    <property name="dist.jar" value="dist/AlimentacionSaludable.jar" />
    <property name="libs.spring-framework400.maven-pom" value="" />
    <property name="netbeans.automatic.build" value="true" />
    <property name="java.runtime.name" value="Java(TM) SE Runtime Environment" />
    <property name="debug.test.modulepath" value="" />
    <property name="ant.project.name" value="AlimentacionSaludable" />
    <property name="netbeans.hash.code" value="unique=NB_EXTIDE_JAVA_WEBCOMMON_WEBEE066492ceb-6649-44dc-9d44-5e35d1b896ca_e744e2c4-dd05-4e55-8ffd-26ceaa6afaa2" />
    <property name="netbeans.default_userdir_root" value="C:\Users\juanc\AppData\Roaming\NetBeans" />
    <property name="libs.jsp-compilation-syscp.maven-pom" value="" />
    <property name="sun.cpu.isalist" value="amd64" />
    <property name="libs.spring-framework400.javadoc" value="" />
    <property name="libs.CopyLibs.javadoc" value="" />
    <property name="javadoc.html5" value="false" />
    <property name="org.openide.specification.version" value="6.2" />
    <property name="user.home" value="C:\Users\juanc" />
    <property name="annotation.processing.processors.list" value="" />
    <property name="libs.primefaces.maven-pom" value="" />
    <property name="libs.javaee-api-6.0.maven-pom" value="" />
    <property name="libs.JWSAntTasks.src" value="" />
    <property name="jar.index" value="false" />
    <property name="libs.CopyLibs.maven-pom" value="" />
    <property name="libs.spring-framework300.javadoc" value="" />
    <property name="libs.absolutelayout.javadoc" value="" />
    <property name="java.specification.name" value="Java Platform API Specification" />
    <property name="jlink.strip" value="false" />
    <property name="do.archive+main.class.available" value="true" />
    <property name="java.specification.vendor" value="Oracle Corporation" />
    <property name="libs.javac-api.classpath" value="E:\netbingis\NetBeans 8.0\java\modules\ext\nb-javac-api.jar" />
    <property name="java.version" value="1.8.0_111" />
    <property name="run.jvmargs.ide" value="" />
    <property name="javadoc.version" value="false" />
    <property name="javac.processormodulepath" value="" />
    <property name="libs.MySQLDriver.javadoc" value="" />
    <property name="org.openide.version" value="deprecated" />
    <property name="platform.java" value="C:\Program Files\Java\jdk1.8.0_111\jre/bin/java" />
    <property name="source.encoding" value="UTF-8" />
    <property name="ap.cmd.line.internal" value="" />
    <property name="libs.eclipselinkmodelgen.maven-pom" value="" />
    <property name="libs.jsp-compilation-syscp.javadoc" value="" />
    <property name="libs.eclipselinkmodelgen.javadoc" value="" />
    <property name="libs.javaee-endorsed-api-7.0.classpath" value="E:\netbingis\NetBeans 8.0\enterprise\modules\ext\javaee7-endorsed\javax.annotation-api.jar;E:\netbingis\NetBeans 8.0\enterprise\modules\ext\javaee7-endorsed\javax.xml.soap-api.jar;E:\netbingis\NetBeans 8.0\enterprise\modules\ext\javaee7-endorsed\jaxb-api-osgi.jar;E:\netbingis\NetBeans 8.0\enterprise\modules\ext\javaee7-endorsed\jaxws-api.jar;E:\netbingis\NetBeans 8.0\enterprise\modules\ext\javaee7-endorsed\jsr181-api.jar" />
    <property name="libs.metro.javadoc" value="E:\netbingis\NetBeans 8.0\enterprise\docs\metro-1.4-doc.zip" />
    <property name="libs.struts.maven-pom" value="" />
    <property name="netbeans.home+have.tests" value="true" />
    <property name="annotation.processing.processor.options" value="" />
    <property name="libs.testng.maven-pom" value="" />
    <property name="libs.jaxb.src" value="" />
    <property name="work.dir" value="C:\Users\juanc\Desktop\balian-introini-ing-sof-2" />
    <property name="libs.jaxb.classpath" value="E:\netbingis\NetBeans 8.0\ide\modules\ext\jaxb\jaxb-impl.jar;E:\netbingis\NetBeans 8.0\ide\modules\ext\jaxb\jaxb-xjc.jar;E:\netbingis\NetBeans 8.0\ide\modules\ext\jaxb\jaxb1-impl.jar;E:\netbingis\NetBeans 8.0\ide\modules\ext\jaxb\activation.jar;E:\netbingis\NetBeans 8.0\ide\modules\ext\jaxb\api\jaxb-api.jar;E:\netbingis\NetBeans 8.0\ide\modules\ext\jaxb\api\jsr173_1.0_api.jar" />
    <property name="do.depend" value="false" />
    <property name="ant.file.type.AlimentacionSaludable-impl" value="file" />
    <property name="dist.javadoc.dir" value="dist/javadoc" />
    <property name="libs.swing-layout.classpath" value="E:\netbingis\NetBeans 8.0\platform\modules\ext\swing-layout-1.0.4.jar" />
    <property name="libs.spring-webmvc3.0.classpath" value="E:\netbingis\NetBeans 8.0\java\modules\ext\spring-3.0\spring-webmvc-3.2.7.RELEASE.jar" />
    <property name="libs.javaee-web-api-7.0.maven-pom" value="" />
    <property name="libs.restlib.src" value="" />
    <property name="build.generated.dir" value="build/generated" />
    <property name="javac.source" value="1.8" />
    <property name="ant.file.AlimentacionSaludable" value="C:\Users\juanc\Desktop\balian-introini-ing-sof-2\build.xml" />
    <property name="line.separator" value="&#xd;&#xa;" />
    <property name="java.specification.version" value="1.8" />
    <property name="java.vm.info" value="mixed mode" />
    <property name="libs.jaxws21.maven-pom" value="" />
    <property name="nb.junit.batch" value="true" />
    <property name="junit.forkmode" value="perTest" />
    <property name="file.reference.hamcrest-core-1.3.jar" value="lib/hamcrest-core-1.3.jar" />
    <property name="sun.boot.class.path" value="C:\Program Files\Java\jdk1.8.0_111\jre\lib\resources.jar;C:\Program Files\Java\jdk1.8.0_111\jre\lib\rt.jar;C:\Program Files\Java\jdk1.8.0_111\jre\lib\sunrsasign.jar;C:\Program Files\Java\jdk1.8.0_111\jre\lib\jsse.jar;C:\Program Files\Java\jdk1.8.0_111\jre\lib\jce.jar;C:\Program Files\Java\jdk1.8.0_111\jre\lib\charsets.jar;C:\Program Files\Java\jdk1.8.0_111\jre\lib\jfr.jar;C:\Program Files\Java\jdk1.8.0_111\jre\classes" />
    <property name="javac.target" value="1.8" />
    <property name="built-jar.properties" value="C:\Users\juanc\Desktop\balian-introini-ing-sof-2\build\built-jar.properties" />
    <property name="build.test.classes.dir" value="build/test/classes" />
    <property name="src.dir" value="src" />
    <property name="javac.test.compilerargs" value="" />
    <property name="libs.jpa2-persistence.src" value="" />
    <property name="sun.awt.keepWorkingSetOnMinimize" value="true" />
    <property name="annotation.processing.enabled" value="true" />
    <property name="libs.jsf20.src" value="" />
    <property name="libs.jpa20-persistence.src" value="" />
    <property name="libs.jsf12.src" value="" />
    <property name="libs.struts.javadoc" value="E:\netbingis\NetBeans 8.0\enterprise\docs\struts-1.3.10-javadoc.zip" />
    <property name="ignore.failing.tests" value="true" />
    <property name="libs.javaee-web-api-7.0.src" value="" />
    <property name="libs.primefaces.src" value="" />
    <property name="dist.dir" value="dist" />
    <property name="jlink.launcher" value="false" />
    <property name="testng.debug.mode" value="" />
    <property name="javac.fork" value="true" />
    <property name="java.awt.printerjob" value="sun.awt.windows.WPrinterJob" />
    <property name="default.javac.source" value="1.8" />
    <property name="debug-transport-by-os" value="dt_shmem" />
    <property name="sun.jnu.encoding" value="Cp1252" />
    <property name="libs.MySQLDriver.src" value="" />
    <property name="run.test.jvmargs" value="" />
    <property name="build.test.results.dir" value="build/test/results" />
    <property name="java.runtime.version" value="1.8.0_111-b14" />
    <property name="default.javac.target" value="1.8" />
    <property name="user.timezone" value="" />
    <property name="nb.junit.single" value="false" />
    <property name="do.jar" value="true" />
    <property name="libs.javaee-endorsed-api-6.0.maven-pom" value="" />
    <property name="netbeans.dirs" value="E:\netbingis\NetBeans 8.0\nb;E:\netbingis\NetBeans 8.0\ergonomics;E:\netbingis\NetBeans 8.0\ide;E:\netbingis\NetBeans 8.0\extide;E:\netbingis\NetBeans 8.0\java;E:\netbingis\NetBeans 8.0\apisupport;E:\netbingis\NetBeans 8.0\webcommon;E:\netbingis\NetBeans 8.0\websvccommon;E:\netbingis\NetBeans 8.0\enterprise;E:\netbingis\NetBeans 8.0\mobility;E:\netbingis\NetBeans 8.0\profiler;E:\netbingis\NetBeans 8.0\python;E:\netbingis\NetBeans 8.0\php;E:\netbingis\NetBeans 8.0\identity;E:\netbingis\NetBeans 8.0\harness;E:\netbingis\NetBeans 8.0\cnd;E:\netbingis\NetBeans 8.0\dlight;E:\netbingis\NetBeans 8.0\groovy;E:\netbingis\NetBeans 8.0\extra;E:\netbingis\NetBeans 8.0\javacard;E:\netbingis\NetBeans 8.0\javafx" />
    <property name="libs.jsf20.javadoc" value="E:\netbingis\NetBeans 8.0\enterprise\docs\javaee-doc-api.jar" />
    <property name="libs.jstl.javadoc" value="E:\netbingis\NetBeans 8.0\enterprise\docs\javaee-doc-api.jar" />
    <property name="java.ext.dirs" value="C:\Program Files\Java\jdk1.8.0_111\jre\lib\ext;C:\WINDOWS\Sun\Java\lib\ext" />
    <property name="libs.metro.src" value="" />
    <property name="endorsed.classpath" value="" />
    <property name="libs.absolutelayout.classpath" value="E:\netbingis\NetBeans 8.0\java\modules\ext\AbsoluteLayout.jar" />
    <property name="excludes" value="" />
    <property name="libs.restlib.maven-pom" value="" />
    <property name="libs.metro.classpath" value="E:\netbingis\NetBeans 8.0\ide\modules\ext\jaxb\activation.jar;E:\netbingis\NetBeans 8.0\enterprise\modules\ext\metro\webservices-api.jar;E:\netbingis\NetBeans 8.0\enterprise\modules\ext\metro\webservices-extra-api.jar;E:\netbingis\NetBeans 8.0\enterprise\modules\ext\metro\webservices-extra.jar;E:\netbingis\NetBeans 8.0\enterprise\modules\ext\metro\webservices-rt.jar;E:\netbingis\NetBeans 8.0\enterprise\modules\ext\metro\webservices-tools.jar" />
    <property name="libs.jpa2-persistence.javadoc" value="" />
    <property name="apple.laf.useScreenMenuBar" value="true" />
    <property name="java.class.path" value="E:\netbingis\NetBeans 8.0\java\modules\ext\beansbinding-1.2.1.jar;C:\Users\juanc\Desktop\balian-introini-ing-sof-2\lib\DateChooser.jar;E:\netbingis\NetBeans 8.0\java\modules\ext\AbsoluteLayout.jar;C:\Users\juanc\Desktop\balian-introini-ing-sof-2\lib\hamcrest-core-1.3.jar;C:\Users\juanc\Desktop\balian-introini-ing-sof-2\lib\junit-4.13.jar;C:\Users\juanc\Desktop\balian-introini-ing-sof-2\build\classes;C:\Users\juanc\Desktop\balian-introini-ing-sof-2\build\test\classes;E:\netbingis\NetBeans 8.0\extide\ant\lib\ant-launcher.jar;E:\netbingis\NetBeans 8.0\extide\ant\lib\ant.jar;E:\netbingis\NetBeans 8.0\extide\ant\lib\ant-junit.jar;E:\netbingis\NetBeans 8.0\extide\ant\lib\ant-junit4.jar" />
    <property name="libs.absolutelayout.src" value="" />
    <property name="libs.jpa20-persistence.classpath" value="E:\netbingis\NetBeans 8.0\java\modules\ext\eclipselink\javax.persistence_2.1.0.v201304241213.jar" />
    <property name="os.version" value="10.0" />
    <property name="application.args" value="" />
    <property name="libs.javaee-api-7.0.maven-pom" value="" />
    <property name="ant.file.AlimentacionSaludable-impl" value="C:\Users\juanc\Desktop\balian-introini-ing-sof-2\nbproject\build-impl.xml" />
    <property name="main.class.available" value="true" />
    <property name="sun.awt.enableExtraMouseButtons" value="true" />
    <property name="sun.desktop" value="windows" />
    <property name="jlink.launcher.name" value="AlimentacionSaludable" />
    <property name="libs.hibernate4-persistence.src" value="" />
    <property name="libs.hibernate4-support.maven-pom" value="" />
    <property name="libs.restlib.javadoc" value="" />
    <property name="libs.JAXB-ENDORSED.classpath" value="E:\netbingis\NetBeans 8.0\ide\modules\ext\jaxb\api\jaxb-api.jar" />
    <property name="nb.internal.action.name" value="test" />
    <property name="run.test.modulepath" value="" />
    <property name="libs.javaee-api-7.0.javadoc" value="E:\netbingis\NetBeans 8.0\enterprise\docs\javaee-doc-api.jar" />
    <property name="libs.eclipselink.classpath" value="E:\netbingis\NetBeans 8.0\java\modules\ext\eclipselink\eclipselink.jar;E:\netbingis\NetBeans 8.0\java\modules\ext\eclipselink\javax.persistence_2.1.0.v201304241213.jar;E:\netbingis\NetBeans 8.0\java\modules\ext\eclipselink\org.eclipse.persistence.jpa.jpql_2.5.1.v20130918-f2b9fc5.jar" />
    <property name="java.awt.graphicsenv" value="sun.awt.Win32GraphicsEnvironment" />
    <property name="libs.beans-binding.javadoc" value="E:\netbingis\NetBeans 8.0\java\docs\beansbinding-1.2.1-doc.zip" />
    <property name="java.vm.vendor" value="Oracle Corporation" />
    <property name="libs.CopyLibs.classpath" value="E:\netbingis\NetBeans 8.0\java\ant\extra\org-netbeans-modules-java-j2seproject-copylibstask.jar" />
    <property name="libs.spring-framework300.classpath" value="E:\netbingis\NetBeans 8.0\ide\modules\org-apache-commons-logging.jar;E:\netbingis\NetBeans 8.0\java\modules\ext\cglib-2.2.jar;E:\netbingis\NetBeans 8.0\java\modules\ext\spring-3.0\spring-aop-3.2.7.RELEASE.jar;E:\netbingis\NetBeans 8.0\java\modules\ext\spring-3.0\spring-aspects-3.2.7.RELEASE.jar;E:\netbingis\NetBeans 8.0\java\modules\ext\spring-3.0\spring-beans-3.2.7.RELEASE.jar;E:\netbingis\NetBeans 8.0\java\modules\ext\spring-3.0\spring-build-src-3.2.7.RELEASE.jar;E:\netbingis\NetBeans 8.0\java\modules\ext\spring-3.0\spring-context-3.2.7.RELEASE.jar;E:\netbingis\NetBeans 8.0\java\modules\ext\spring-3.0\spring-context-support-3.2.7.RELEASE.jar;E:\netbingis\NetBeans 8.0\java\modules\ext\spring-3.0\spring-core-3.2.7.RELEASE.jar;E:\netbingis\NetBeans 8.0\java\modules\ext\spring-3.0\spring-expression-3.2.7.RELEASE.jar;E:\netbingis\NetBeans 8.0\java\modules\ext\spring-3.0\spring-framework-bom-3.2.7.RELEASE.jar;E:\netbingis\NetBeans 8.0\java\modules\ext\spring-3.0\spring-instrument-3.2.7.RELEASE.jar;E:\netbingis\NetBeans 8.0\java\modules\ext\spring-3.0\spring-instrument-tomcat-3.2.7.RELEASE.jar;E:\netbingis\NetBeans 8.0\java\modules\ext\spring-3.0\spring-jdbc-3.2.7.RELEASE.jar;E:\netbingis\NetBeans 8.0\java\modules\ext\spring-3.0\spring-jms-3.2.7.RELEASE.jar;E:\netbingis\NetBeans 8.0\java\modules\ext\spring-3.0\spring-orm-3.2.7.RELEASE.jar;E:\netbingis\NetBeans 8.0\java\modules\ext\spring-3.0\spring-oxm-3.2.7.RELEASE.jar;E:\netbingis\NetBeans 8.0\java\modules\ext\spring-3.0\spring-struts-3.2.7.RELEASE.jar;E:\netbingis\NetBeans 8.0\java\modules\ext\spring-3.0\spring-test-3.2.7.RELEASE.jar;E:\netbingis\NetBeans 8.0\java\modules\ext\spring-3.0\spring-tx-3.2.7.RELEASE.jar;E:\netbingis\NetBeans 8.0\java\modules\ext\spring-3.0\spring-web-3.2.7.RELEASE.jar;E:\netbingis\NetBeans 8.0\java\modules\ext\spring-3.0\spring-webmvc-3.2.7.RELEASE.jar;E:\netbingis\NetBeans 8.0\java\modules\ext\spring-3.0\spring-webmvc-portlet-3.2.7.RELEASE.jar" />
    <property name="libs.jsp-compiler.maven-pom" value="" />
    <property name="run.jvmargs" value="" />
    <property name="libs.hibernate4-persistence.classpath" value="E:\netbingis\NetBeans 8.0\java\modules\ext\hibernate4\antlr-2.7.7.jar;E:\netbingis\NetBeans 8.0\java\modules\ext\hibernate4\c3p0-0.9.2.1.jar;E:\netbingis\NetBeans 8.0\java\modules\ext\hibernate4\hibernate-c3p0-4.2.6.Final.jar;E:\netbingis\NetBeans 8.0\java\modules\ext\hibernate4\dom4j-1.6.1.jar;E:\netbingis\NetBeans 8.0\java\modules\ext\hibernate4\ehcache-core-2.4.3.jar;E:\netbingis\NetBeans 8.0\java\modules\ext\hibernate4\hibernate-ehcache-4.2.6.Final.jar;E:\netbingis\NetBeans 8.0\java\modules\ext\hibernate4\hibernate-core-4.2.6.Final.jar;E:\netbingis\NetBeans 8.0\java\modules\ext\hibernate4\jboss-logging-3.1.0.GA.jar;E:\netbingis\NetBeans 8.0\java\modules\ext\hibernate4\hibernate-commons-annotations-4.0.2.Final.jar;E:\netbingis\NetBeans 8.0\java\modules\ext\hibernate4\hibernate-entitymanager-4.2.6.Final.jar;E:\netbingis\NetBeans 8.0\java\modules\ext\hibernate4\javassist-3.15.0-GA.jar;E:\netbingis\NetBeans 8.0\java\modules\ext\hibernate4\jboss-transaction-api_1.1_spec-1.0.1.Final.jar;E:\netbingis\NetBeans 8.0\java\modules\ext\hibernate4\slf4j-api-1.6.1.jar;E:\netbingis\NetBeans 8.0\java\modules\ext\hibernate4\slf4j-simple-1.6.1.jar;E:\netbingis\NetBeans 8.0\java\modules\ext\hibernate4\hibernate-jpa-2.0-api-1.0.1.Final.jar" />
    <property name="dist.archive.excludes" value="" />
    <property name="libs.JAXB-ENDORSED.src" value="" />
    <property name="libs.testng.javadoc" value="E:\netbingis\NetBeans 8.0\platform\docs\testng-6.8.1-javadoc.zip" />
    <property name="user.script" value="" />
    <property name="libs.PostgreSQLDriver.classpath" value="E:\netbingis\NetBeans 8.0\ide\modules\ext\postgresql-9.2-1002.jdbc4.jar" />
    <property name="libs.jsf12.maven-pom" value="" />
    <property name="libs.hibernate4-persistencemodelgen.classpath" value="E:\netbingis\NetBeans 8.0\java\modules\ext\hibernate4\hibernate-jpamodelgen-1.3.0.Final.jar" />
    <property name="annotation.processing.source.output" value="build/generated-sources/ap-source-output" />
    <property name="main.class" value="inicioSistema.Main" />
    <property name="libs.CopyLibs.src" value="" />
    <property name="build.dir" value="build" />
    <property name="libs.jsp-compilation.classpath" value="E:\netbingis\NetBeans 8.0\extide\ant\lib\ant.jar;E:\netbingis\NetBeans 8.0\enterprise\modules\ext\servlet3.1-jsp2.3-api.jar;E:\netbingis\NetBeans 8.0\enterprise\modules\ext\glassfish-jspparser-4.0.jar;E:\netbingis\NetBeans 8.0\enterprise\modules\ext\jsf-2_2\javax.faces.jar;E:\netbingis\NetBeans 8.0\enterprise\modules\ext\jstl-api.jar;E:\netbingis\NetBeans 8.0\extide\ant\lib\ant-launcher.jar" />
    <property name="debug.modulepath" value="" />
    <property name="ant.version" value="Apache Ant(TM) version 1.9.2 compiled on July 8 2013" />
    <property name="file.encoding" value="Cp1252" />
    <property name="build.classes.excludes" value="**/*.java,**/*.form" />
    <property name="javadoc.nonavbar" value="false" />
    <property name="jdkBug6558476" value="false" />
    <property name="libs.spring-webmvc4.0.classpath" value="E:\netbingis\NetBeans 8.0\java\modules\ext\spring-4\spring-webmvc-4.0.1.RELEASE.jar" />
    <property name="platform.active" value="default_platform" />
    <property name="awt.toolkit" value="sun.awt.windows.WToolkit" />
    <property name="libs.javaee-web-api-7.0.javadoc" value="E:\netbingis\NetBeans 8.0\enterprise\docs\javaee-doc-api.jar" />
  </properties>
  <testcase classname="dominio.AlimentoTest" name="testEqualsIguales" time="0.168" />
  <testcase classname="dominio.AlimentoTest" name="testHashCodeEsDisttinto" time="0.001" />
  <testcase classname="dominio.AlimentoTest" name="testSetsGetsFotoAlimento" time="0.001" />
  <testcase classname="dominio.AlimentoTest" name="testToStringDatosCorrectos" time="0.001" />
  <testcase classname="dominio.AlimentoTest" name="testSetsGetsNullTipo" time="0.001" />
  <testcase classname="dominio.AlimentoTest" name="testSetsGetsNullListaNutrientes" time="0.0" />
  <testcase classname="dominio.AlimentoTest" name="testSetsGetsListaNutrientesDatosVacios" time="0.0" />
  <testcase classname="dominio.AlimentoTest" name="testEqualsDiferentes" time="0.001" />
  <testcase classname="dominio.AlimentoTest" name="testToStringNullNombre" time="0.0" />
  <testcase classname="dominio.AlimentoTest" name="testSetsGetsNombreDatosVacios" time="0.0" />
  <testcase classname="dominio.AlimentoTest" name="testSetsGetsTipoDatosVacios" time="0.001" />
  <testcase classname="dominio.AlimentoTest" name="testHashCodeEsIgual" time="0.0" />
  <testcase classname="dominio.AlimentoTest" name="testSetsGetsDatosCorrectosNutrientes" time="0.0" />
  <testcase classname="dominio.AlimentoTest" name="testSetsGetsDatosCorrectosTipo" time="0.0" />
  <testcase classname="dominio.AlimentoTest" name="testSetsGetsDatosCorrectosNombre" time="0.0" />
  <testcase classname="dominio.AlimentoTest" name="testEqualsConNull" time="0.001" />
  <testcase classname="dominio.AlimentoTest" name="testToStringNull" time="0.001" />
  <system-out><![CDATA[]]></system-out>
  <system-err><![CDATA[]]></system-err>
</testsuite>
